#
# A fatal error has been detected by the Java Runtime Environment:
#
#  SIGSEGV (0xb) at pc=0x00007fff88a724dd, pid=5120, tid=0x0000000000000a0b
#
# JRE version: Java(TM) SE Runtime Environment (8.0_101-b13) (build 1.8.0_101-b13)
# Java VM: Java HotSpot(TM) 64-Bit Server VM (25.101-b13 mixed mode bsd-amd64 compressed oops)
# Problematic frame:
# C  [libobjc.A.dylib+0x14dd]  objc_msgSend+0x1d
#
# Failed to write core dump. Core dumps have been disabled. To enable core dumping, try "ulimit -c unlimited" before starting Java again
#
# If you would like to submit a bug report, please visit:
#   http://bugreport.java.com/bugreport/crash.jsp
# The crash happened outside the Java Virtual Machine in native code.
# See problematic frame for where to report the bug.
#

---------------  T H R E A D  ---------------

Current thread (0x00007fd029a91800):  JavaThread "AppKit Thread" daemon [_thread_in_native, id=2571, stack(0x00007fff592dc000,0x00007fff59adc000)]

siginfo: si_signo: 11 (SIGSEGV), si_code: 1 (SEGV_MAPERR), si_addr: 0x000007fd028df3b0

Registers:
RAX=0x0000000000000002, RBX=0x00007fd028dace10, RCX=0x000000011cf9bbe0, RDX=0x000000011cf9b5e0
RSP=0x00007fff59ad7538, RBP=0x00007fff59ad7560, RSI=0x00007fff981887b2, RDI=0x00007fd028dace10
R8 =0x00007fd029182800, R9 =0xffffffffffffffff, R10=0x00007fff981887b2, R11=0x000007fd028df398
R12=0x00007fd028da92f0, R13=0x00007fd028c6c580, R14=0x00007fd028da92f0, R15=0x0000000000000000
RIP=0x00007fff88a724dd, EFLAGS=0x0000000000010202, ERR=0x0000000000000004
  TRAPNO=0x000000000000000e

Top of Stack: (sp=0x00007fff59ad7538)
0x00007fff59ad7538:   000000011eb5167e 00007fd028da92f0
0x00007fff59ad7548:   000000011eb83b98 00007fd028c6c580
0x00007fff59ad7558:   0000000000000094 00007fff59ad7a40
0x00007fff59ad7568:   00007fff978a3797 0000000000000000
0x00007fff59ad7578:   0000000000000000 408f400000000000
0x00007fff59ad7588:   4081d00000000000 0000000000000000
0x00007fff59ad7598:   0000000000000000 408f400000000000
0x00007fff59ad75a8:   4081d00000000000 0000000000000000
0x00007fff59ad75b8:   0000000000000000 408f400000000000
0x00007fff59ad75c8:   4082800000000000 401c000000000000
0x00007fff59ad75d8:   4081e80000000000 0000000000000000
0x00007fff59ad75e8:   0000000000000000 00007fff98147d4e
0x00007fff59ad75f8:   4081e80000000000 402c000000000000
0x00007fff59ad7608:   00007fd028dab0e0 0000000100000000
0x00007fff59ad7618:   0000000000000000 00007fd028c6ccf0
0x00007fff59ad7628:   0000000000000000 0000000000000000
0x00007fff59ad7638:   00007fff59ad7800 00007fff59ad7790
0x00007fff59ad7648:   00007fff97965f98 401c000000000000
0x00007fff59ad7658:   4081e80000000000 00007fff59ad7790
0x00007fff59ad7668:   00007fff97967d6a 401c000000000000
0x00007fff59ad7678:   4081e80000000000 402c000000000000
0x00007fff59ad7688:   4030000000000000 0000000000000000
0x00007fff59ad7698:   0000000000000000 408f400000000000
0x00007fff59ad76a8:   4082800000000000 401c000000000000
0x00007fff59ad76b8:   4081e80000000000 402c000000000000
0x00007fff59ad76c8:   4030000000000000 0000000000000000
0x00007fff59ad76d8:   0000000000000000 0000000106143400
0x00007fff59ad76e8:   0000000000000001 00007fd02a812f90
0x00007fff59ad76f8:   0000000000000001 0000000000000130
0x00007fff59ad7708:   000000010613f000 00007fff59ad77b0
0x00007fff59ad7718:   00007fff94358dcc 0000000000000000
0x00007fff59ad7728:   0000000000000000 0000000000000131 

Instructions: (pc=0x00007fff88a724dd)
0x00007fff88a724bd:   44 00 00 48 85 ff 2e 74 62 40 f6 c7 01 2e 75 66
0x00007fff88a724cd:   49 bb f8 ff ff ff ff 7f 00 00 4c 23 1f 49 89 f2
0x00007fff88a724dd:   45 23 53 18 49 c1 e2 04 4d 03 53 10 49 3b 32 75
0x00007fff88a724ed:   04 41 ff 62 08 49 83 3a 01 76 0d 49 83 c2 10 49 

Register to memory mapping:

RAX=0x0000000000000002 is an unknown value
RBX=0x00007fd028dace10 is an unknown value
RCX=0x000000011cf9bbe0 is an unknown value
RDX=0x000000011cf9b5e0 is an unknown value
RSP=0x00007fff59ad7538 is pointing into the stack for thread: 0x00007fd029a91800
RBP=0x00007fff59ad7560 is pointing into the stack for thread: 0x00007fd029a91800
RSI=0x00007fff981887b2: -[NSTitlebarContainerView transparent]+0x62ff0 in /System/Library/Frameworks/AppKit.framework/Versions/C/AppKit at 0x00007fff976fb000
RDI=0x00007fd028dace10 is an unknown value
R8 =0x00007fd029182800 is an unknown value
R9 =0xffffffffffffffff is an unknown value
R10=0x00007fff981887b2: -[NSTitlebarContainerView transparent]+0x62ff0 in /System/Library/Frameworks/AppKit.framework/Versions/C/AppKit at 0x00007fff976fb000
R11=0x000007fd028df398 is an unknown value
R12=0x00007fd028da92f0 is an unknown value
R13=0x00007fd028c6c580 is an unknown value
R14=0x00007fd028da92f0 is an unknown value
R15=0x0000000000000000 is an unknown value


Stack: [0x00007fff592dc000,0x00007fff59adc000],  sp=0x00007fff59ad7538,  free space=8173k
Native frames: (J=compiled Java code, j=interpreted, Vv=VM code, C=native code)
C  [libobjc.A.dylib+0x14dd]  objc_msgSend+0x1d
C  [AppKit+0x1a8797]  -[NSView _recursiveDisplayRectIfNeededIgnoringOpacity:isVisibleRect:rectIsVisibleRectForView:topView:]+0x6e2
C  [AppKit+0x1a9785]  -[NSView _recursiveDisplayRectIfNeededIgnoringOpacity:isVisibleRect:rectIsVisibleRectForView:topView:]+0x16d0
C  [AppKit+0x1a7be0]  -[NSThemeFrame _recursiveDisplayRectIfNeededIgnoringOpacity:isVisibleRect:rectIsVisibleRectForView:topView:]+0x14e
C  [AppKit+0x1a5feb]  -[NSView _displayRectIgnoringOpacity:isVisibleRect:rectIsVisibleRectForView:]+0x991
C  [AppKit+0x1a13f5]  -[NSView displayIfNeeded]+0x79e
C  [AppKit+0x1a0c3c]  -[NSWindow displayIfNeeded]+0xe8
C  [AppKit+0x82541b]  ___NSWindowGetDisplayCycleObserver_block_invoke6365+0x1dc
C  [AppKit+0x1a05d6]  __37+[NSDisplayCycle currentDisplayCycle]_block_invoke+0x3ad
