#
# A fatal error has been detected by the Java Runtime Environment:
#
#  SIGILL (0x4) at pc=0x00007fff88a86e50, pid=2481, tid=0x0000000000000a0b
#
# JRE version: Java(TM) SE Runtime Environment (8.0_101-b13) (build 1.8.0_101-b13)
# Java VM: Java HotSpot(TM) 64-Bit Server VM (25.101-b13 mixed mode bsd-amd64 compressed oops)
# Problematic frame:
# C  [libobjc.A.dylib+0x15e50]  _objc_trap()+0x0
#
# Failed to write core dump. Core dumps have been disabled. To enable core dumping, try "ulimit -c unlimited" before starting Java again
#
# If you would like to submit a bug report, please visit:
#   http://bugreport.java.com/bugreport/crash.jsp
# The crash happened outside the Java Virtual Machine in native code.
# See problematic frame for where to report the bug.
#

---------------  T H R E A D  ---------------

Current thread (0x00007fec89a76800):  JavaThread "AppKit Thread" daemon [_thread_in_native, id=2571, stack(0x00007fff58ae3000,0x00007fff592e3000)]

siginfo: si_signo: 4 (SIGILL), si_code: 1 (ILL_ILLOPC), si_addr: 0x00007fff88a86e50

Registers:
RAX=0x0000000000000000, RBX=0x00007fec88ce2b60, RCX=0x0000000000000000, RDX=0x00007fff76085c30
RSP=0x00007fff592de238, RBP=0x00007fff592de320, RSI=0x0000010000000100, RDI=0x00007fff76085c10
R8 =0x00000000fffffffc, R9 =0x00007fff76085c28, R10=0x00000000ffffffff, R11=0x00007fec8b0059f0
R12=0x0000000000000001, R13=0x0000000000000000, R14=0x00007fff7608b028, R15=0x00007fec88ce62a8
RIP=0x00007fff88a86e50, EFLAGS=0x0000000000010206, ERR=0x0000000000000000
  TRAPNO=0x0000000000000006

Top of Stack: (sp=0x00007fff592de238)
0x00007fff592de238:   00007fff88a86f90 00007fec88df3000
0x00007fff592de248:   00007fec88ce2b60 00007fff98294d9c
0x00007fff592de258:   00007fff98294d9c 000000000000005f
0x00007fff592de268:   00007fec88ce2b60 00007fff592de2a0
0x00007fff592de278:   00007fff88a79edf 00007fff592de2e0
0x00007fff592de288:   00007fff88a7ce15 00007fff7608b010
0x00007fff592de298:   0000000000000001 00007fff592de300
0x00007fff592de2a8:   00007fec88ce62a8 00007fff592de2e0
0x00007fff592de2b8:   00007fff98294d9c 00007fff98294d9c
0x00007fff592de2c8:   0000000000000000 00007fff79616a38
0x00007fff592de2d8:   00007fec88ce62a8 00007fff592de320
0x00007fff592de2e8:   00007fff88a7cd80 00007fec8b01ab90
0x00007fff592de2f8:   00007fec8b019480 0000003000000018
0x00007fff592de308:   00007fff592de330 00007fff592de240
0x00007fff592de318:   00007fec88ce62a8 00007fff592de380
0x00007fff592de328:   00007fff88a7dbd7 00007fff76089e80
0x00007fff592de338:   00007fff7608a480 00007fff592de3c0
0x00007fff592de348:   00007fff88a7d9ee 00007fff592de370
0x00007fff592de358:   00007fff76089e80 00007fec88ce62a8
0x00007fff592de368:   0000000000000000 00007fff7608b000
0x00007fff592de378:   0000000000000000 00007fff592de400
0x00007fff592de388:   00007fff88a7d966 ffff80137725d260
0x00007fff592de398:   00007fec88ce6140 0000000000001180
0x00007fff592de3a8:   0000000000000000 0000000000000000
0x00007fff592de3b8:   0000000000000000 00007fec88ce2b60
0x00007fff592de3c8:   0000000000000023 0000000000000007
0x00007fff592de3d8:   00007fec88da2da0 0000000000000000
0x00007fff592de3e8:   00007fec88d72ee0 00007fec88ce6140
0x00007fff592de3f8:   00007fec88ce2b60 00007fff592de440
0x00007fff592de408:   00007fff89d91973 00007fec88da2da0
0x00007fff592de418:   0000000000000000 00007fec88ce2b60
0x00007fff592de428:   00007fff88a724c0 00007fec88da2da0 

Instructions: (pc=0x00007fff88a86e50)
0x00007fff88a86e30:   df e8 62 d8 00 00 bf 02 00 00 00 48 89 de 48 89
0x00007fff88a86e40:   c2 e8 b2 d8 00 00 48 81 c4 98 00 00 00 5b 5d c3
0x00007fff88a86e50:   0f 0b 55 48 89 e5 48 81 ec d0 00 00 00 84 c0 74
0x00007fff88a86e60:   26 0f 29 85 60 ff ff ff 0f 29 8d 70 ff ff ff 0f 

Register to memory mapping:

RAX=0x0000000000000000 is an unknown value
RBX=0x00007fec88ce2b60 is an unknown value
RCX=0x0000000000000000 is an unknown value
RDX=0x00007fff76085c30: _ZZL14_objc_crashlogPKcE13crashlog_lock+0x20 in /usr/lib/libobjc.A.dylib at 0x00007fff88a71000
RSP=0x00007fff592de238 is pointing into the stack for thread: 0x00007fec89a76800
RBP=0x00007fff592de320 is pointing into the stack for thread: 0x00007fec89a76800
RSI=0x0000010000000100 is an unknown value
RDI=0x00007fff76085c10: _ZZL14_objc_crashlogPKcE13crashlog_lock+0 in /usr/lib/libobjc.A.dylib at 0x00007fff88a71000
R8 =0x00000000fffffffc is an unknown value
R9 =0x00007fff76085c28: _ZZL14_objc_crashlogPKcE13crashlog_lock+0x18 in /usr/lib/libobjc.A.dylib at 0x00007fff88a71000
R10=0x00000000ffffffff is an unknown value
R11=0x00007fec8b0059f0 is an unknown value
R12=0x0000000000000001 is an unknown value
R13=0x0000000000000000 is an unknown value
R14=0x00007fff7608b028: _ZN12_GLOBAL__N_1L12SideTableBufE+0x11a8 in /usr/lib/libobjc.A.dylib at 0x00007fff88a71000
R15=0x00007fec88ce62a8 is an unknown value


Stack: [0x00007fff58ae3000,0x00007fff592e3000],  sp=0x00007fff592de238,  free space=8172k
Native frames: (J=compiled Java code, j=interpreted, Vv=VM code, C=native code)
C  [libobjc.A.dylib+0x15e50]  _objc_trap()+0x0
C  [libobjc.A.dylib+0xcbd7]  weak_register_no_lock+0xde
C  [libobjc.A.dylib+0xc966]  objc_storeWeak+0x18b
C  [Foundation+0x19973]  -[NSConcreteMapTable setObject:forKey:]+0x6e
C  [AppKit+0x345f6a]  -[NSView(NSOpenGLContextAssociation) _setOpenGLContext:]+0xf2
C  [AppKit+0x6856dd]  __27-[NSOpenGLContext setView:]_block_invoke+0xd6
C  [AppKit+0x183325]  NSPerformVisuallyAtomicChange+0x93
C  [AppKit+0x345c0d]  -[NSOpenGLContext setView:]+0x77
C  [liblwjgl.jnilib+0x966e]  -[MacOSXOpenGLView lockFocus]+0x6e
C  [AppKit+0x1a8797]  -[NSView _recursiveDisplayRectIfNeededIgnoringOpacity:isVisibleRect:rectIsVisibleRectForView:topView:]+0x6e2
C  [AppKit+0x1a9785]  -[NSView _recursiveDisplayRectIfNeededIgnoringOpacity:isVisibleRect:rectIsVisibleRectForView:topView:]+0x16d0
C  [AppKit+0x1a7be0]  -[NSThemeFrame _recursiveDisplayRectIfNeededIgnoringOpacity:isVisibleRect:rectIsVisibleRectForView:topView:]+0x14e
C  [AppKit+0x1a5feb]  -[NSView _displayRectIgnoringOpacity:isVisibleRect:rectIsVisibleRectForView:]+0x991
C  [AppKit+0x1a13f5]  -[NSView displayIfNeeded]+0x79e
C  [AppKit+0x1a0c3c]  -[NSWindow displayIfNeeded]+0xe8
C  [AppKit+0x82541b]  ___NSWindowGetDisplayCycleObserver_block_invoke6365+0x1dc
C  [AppKit+0x1a05d6]  __37+[NSDisplayCycle currentDisplayCycle]_block_invoke+0x3ad
C  [QuartzCore+0x10f71]  CA::Transaction::run_commit_handlers(CATransactionPhase)+0x55
C  [QuartzCore+0x1042c]  CA::Context::commit_transaction(CA::Transaction*)+0xa0
C  [QuartzCore+0x100ec]  CA::Transaction::commit()+0x1fc
C  [QuartzCore+0x1b977]  CA::Transaction::observer_callback(__CFRunLoopObserver*, unsigned long, void*)+0x47
C  [CoreFoundation+0xaa067]  __CFRUNLOOP_IS_CALLING_OUT_TO_AN_OBSERVER_CALLBACK_FUNCTION__+0x17
C  [CoreFoundation+0xa9fd7]  __CFRunLoopDoObservers+0x187
C  [CoreFoundation+0x88ef8]  CFRunLoopRunSpecific+0x148
C  [HIToolbox+0x30935]  RunCurrentEventLoopInMode+0xeb
C  [HIToolbox+0x30677]  ReceiveNextEventCommon+0xb8
C  [HIToolbox+0x305af]  _BlockUntilNextEventMatchingListInModeWithFilter+0x47
C  [AppKit+0x48df6]  _DPSNextEvent+0x42b
C  [AppKit+0x48226]  -[NSApplication _nextEventMatchingEventMask:untilDate:inMode:dequeue:]+0x1c6
C  [libosxapp.dylib+0x23aa]  -[NSApplicationAWT nextEventMatchingMask:untilDate:inMode:dequeue:]+0x7c
C  [AppKit+0x3cd80]  -[NSApplication run]+0x2aa
C  [libosxapp.dylib+0x214d]  +[NSApplicationAWT runAWTLoopWithApp:]+0x9c
C  [libawt_lwawt.dylib+0x444b3]  -[AWTStarter starter:]+0x389
C  [Foundation+0x76fde]  __NSThreadPerformPerform+0x117
C  [CoreFoundation+0xaa881]  __CFRUNLOOP_IS_CALLING_OUT_TO_A_SOURCE0_PERFORM_FUNCTION__+0x11
C  [CoreFoundation+0x89fbc]  __CFRunLoopDoSources0+0x22c
C  [CoreFoundation+0x894df]  __CFRunLoopRun+0x39f
C  [CoreFoundation+0x88ed8]  CFRunLoopRunSpecific+0x128
C  [java+0x6465]  CreateExecutionEnvironment+0x367
C  [java+0x218c]  JLI_Launch+0x7a0
C  [java+0x84c2]  main+0x65
C  [java+0x19e4]  start+0x34
C  0x0000000000000006


---------------  P R O C E S S  ---------------

Java Threads: ( => current thread )
  0x00007fec8c06a800 JavaThread "AWT-Shutdown" [_thread_blocked, id=36423, stack(0x000070000072c000,0x000070000082c000)]
=>0x00007fec89a76800 JavaThread "AppKit Thread" daemon [_thread_in_native, id=2571, stack(0x00007fff58ae3000,0x00007fff592e3000)]
  0x00007fec890bb000 JavaThread "Service Thread" daemon [_thread_blocked, id=17411, stack(0x0000700000bbe000,0x0000700000cbe000)]
  0x00007fec8983e000 JavaThread "C1 CompilerThread1" daemon [_thread_blocked, id=16899, stack(0x0000700000abb000,0x0000700000bbb000)]
  0x00007fec89078000 JavaThread "C2 CompilerThread0" daemon [_thread_blocked, id=16387, stack(0x00007000009b8000,0x0000700000ab8000)]
  0x00007fec89076800 JavaThread "Signal Dispatcher" daemon [_thread_blocked, id=15879, stack(0x00007000008b5000,0x00007000009b5000)]
  0x00007fec89822000 JavaThread "Finalizer" daemon [_thread_blocked, id=10755, stack(0x0000700000629000,0x0000700000729000)]
  0x00007fec89057000 JavaThread "Reference Handler" daemon [_thread_blocked, id=10243, stack(0x0000700000526000,0x0000700000626000)]
  0x00007fec89010800 JavaThread "main" [_thread_in_native, id=4099, stack(0x0000700000084000,0x0000700000184000)]

Other Threads:
  0x00007fec89802800 VMThread [stack: 0x0000700000423000,0x0000700000523000] [id=9731]
  0x00007fec89838800 WatcherThread [stack: 0x0000700000cc1000,0x0000700000dc1000] [id=17923]

VM state:not at safepoint (normal execution)

VM Mutex/Monitor currently owned by a thread: None

Heap:
 PSYoungGen      total 18944K, used 8928K [0x00000007aab00000, 0x00000007ac000000, 0x00000007c0000000)
  eden space 16384K, 41% used [0x00000007aab00000,0x00000007ab1a4108,0x00000007abb00000)
  from space 2560K, 83% used [0x00000007abd80000,0x00000007abf94010,0x00000007ac000000)
  to   space 2560K, 0% used [0x00000007abb00000,0x00000007abb00000,0x00000007abd80000)
 ParOldGen       total 44032K, used 422K [0x0000000780000000, 0x0000000782b00000, 0x00000007aab00000)
  object space 44032K, 0% used [0x0000000780000000,0x0000000780069a70,0x0000000782b00000)
 Metaspace       used 7489K, capacity 7650K, committed 7808K, reserved 1056768K
  class space    used 733K, capacity 794K, committed 896K, reserved 1048576K

Card table byte_map: [0x00000001173c0000,0x00000001175c1000] byte_map_base: 0x00000001137c0000

Marking Bits: (ParMarkBitMap*) 0x0000000107486d20
 Begin Bits: [0x0000000117717000, 0x0000000118717000)
 End Bits:   [0x0000000118717000, 0x0000000119717000)

Polling page: 0x0000000107b79000

CodeCache: size=245760Kb used=4524Kb max_used=4537Kb free=241235Kb
 bounds [0x0000000108000000, 0x0000000108480000, 0x0000000117000000]
 total_blobs=1505 nmethods=1099 adapters=322
 compilation: enabled

Compilation events (10 events):
Event: 47.344 Thread 0x00007fec89078000 1095   !   4       java.io.BufferedWriter::flushBuffer (53 bytes)
Event: 47.381 Thread 0x00007fec89078000 nmethod 1095 0x000000010846be90 code [0x000000010846c060, 0x000000010846cdc8]
Event: 48.174 Thread 0x00007fec8983e000 1096       3       jig.ResourceManager::getImage (52 bytes)
Event: 48.175 Thread 0x00007fec8983e000 nmethod 1096 0x0000000108469f90 code [0x000000010846a240, 0x000000010846b5c8]
Event: 48.609 Thread 0x00007fec89078000 1097   !   4       sun.nio.cs.StreamEncoder::flushBuffer (42 bytes)
Event: 48.625 Thread 0x00007fec89078000 nmethod 1097 0x0000000108467f90 code [0x0000000108468160, 0x0000000108469268]
Event: 48.625 Thread 0x00007fec89078000 1098       4       sun.nio.cs.StreamEncoder::writeBytes (132 bytes)
Event: 48.637 Thread 0x00007fec89078000 nmethod 1098 0x0000000108470550 code [0x0000000108470720, 0x00000001084714c8]
Event: 50.127 Thread 0x00007fec89078000 1099       4       java.nio.HeapByteBuffer::put (167 bytes)
Event: 50.131 Thread 0x00007fec89078000 nmethod 1099 0x000000010846e390 code [0x000000010846e500, 0x000000010846e838]

GC Heap History (8 events):
Event: 7.941 GC heap before
{Heap before GC invocations=1 (full 0):
 PSYoungGen      total 18944K, used 16384K [0x00000007aab00000, 0x00000007ac000000, 0x00000007c0000000)
  eden space 16384K, 100% used [0x00000007aab00000,0x00000007abb00000,0x00000007abb00000)
  from space 2560K, 0% used [0x00000007abd80000,0x00000007abd80000,0x00000007ac000000)
  to   space 2560K, 0% used [0x00000007abb00000,0x00000007abb00000,0x00000007abd80000)
 ParOldGen       total 44032K, used 0K [0x0000000780000000, 0x0000000782b00000, 0x00000007aab00000)
  object space 44032K, 0% used [0x0000000780000000,0x0000000780000000,0x0000000782b00000)
 Metaspace       used 7387K, capacity 7522K, committed 7808K, reserved 1056768K
  class space    used 728K, capacity 794K, committed 896K, reserved 1048576K
Event: 7.956 GC heap after
Heap after GC invocations=1 (full 0):
 PSYoungGen      total 18944K, used 2557K [0x00000007aab00000, 0x00000007ac000000, 0x00000007c0000000)
  eden space 16384K, 0% used [0x00000007aab00000,0x00000007aab00000,0x00000007abb00000)
  from space 2560K, 99% used [0x00000007abb00000,0x00000007abd7f7d8,0x00000007abd80000)
  to   space 2560K, 0% used [0x00000007abd80000,0x00000007abd80000,0x00000007ac000000)
 ParOldGen       total 44032K, used 414K [0x0000000780000000, 0x0000000782b00000, 0x00000007aab00000)
  object space 44032K, 0% used [0x0000000780000000,0x0000000780067a70,0x0000000782b00000)
 Metaspace       used 7387K, capacity 7522K, committed 7808K, reserved 1056768K
  class space    used 728K, capacity 794K, committed 896K, reserved 1048576K
}
Event: 34.591 GC heap before
{Heap before GC invocations=2 (full 0):
 PSYoungGen      total 18944K, used 18941K [0x00000007aab00000, 0x00000007ac000000, 0x00000007c0000000)
  eden space 16384K, 100% used [0x00000007aab00000,0x00000007abb00000,0x00000007abb00000)
  from space 2560K, 99% used [0x00000007abb00000,0x00000007abd7f7d8,0x00000007abd80000)
  to   space 2560K, 0% used [0x00000007abd80000,0x00000007abd80000,0x00000007ac000000)
 ParOldGen       total 44032K, used 414K [0x0000000780000000, 0x0000000782b00000, 0x00000007aab00000)
  object space 44032K, 0% used [0x0000000780000000,0x0000000780067a70,0x0000000782b00000)
 Metaspace       used 7479K, capacity 7586K, committed 7808K, reserved 1056768K
  class space    used 733K, capacity 794K, committed 896K, reserved 1048576K
Event: 34.630 GC heap after
Heap after GC invocations=2 (full 0):
 PSYoungGen      total 18944K, used 2178K [0x00000007aab00000, 0x00000007ac000000, 0x00000007c0000000)
  eden space 16384K, 0% used [0x00000007aab00000,0x00000007aab00000,0x00000007abb00000)
  from space 2560K, 85% used [0x00000007abd80000,0x00000007abfa0900,0x00000007ac000000)
  to   space 2560K, 0% used [0x00000007abb00000,0x00000007abb00000,0x00000007abd80000)
 ParOldGen       total 44032K, used 414K [0x0000000780000000, 0x0000000782b00000, 0x00000007aab00000)
  object space 44032K, 0% used [0x0000000780000000,0x0000000780067a70,0x0000000782b00000)
 Metaspace       used 7479K, capacity 7586K, committed 7808K, reserved 1056768K
  class space    used 733K, capacity 794K, committed 896K, reserved 1048576K
}
Event: 41.914 GC heap before
{Heap before GC invocations=3 (full 0):
 PSYoungGen      total 18944K, used 18562K [0x00000007aab00000, 0x00000007ac000000, 0x00000007c0000000)
  eden space 16384K, 100% used [0x00000007aab00000,0x00000007abb00000,0x00000007abb00000)
  from space 2560K, 85% used [0x00000007abd80000,0x00000007abfa0900,0x00000007ac000000)
  to   space 2560K, 0% used [0x00000007abb00000,0x00000007abb00000,0x00000007abd80000)
 ParOldGen       total 44032K, used 414K [0x0000000780000000, 0x0000000782b00000, 0x00000007aab00000)
  object space 44032K, 0% used [0x0000000780000000,0x0000000780067a70,0x0000000782b00000)
 Metaspace       used 7486K, capacity 7650K, committed 7808K, reserved 1056768K
  class space    used 733K, capacity 794K, committed 896K, reserved 1048576K
Event: 41.947 GC heap after
Heap after GC invocations=3 (full 0):
 PSYoungGen      total 18944K, used 2128K [0x00000007aab00000, 0x00000007ac000000, 0x00000007c0000000)
  eden space 16384K, 0% used [0x00000007aab00000,0x00000007aab00000,0x00000007abb00000)
  from space 2560K, 83% used [0x00000007abb00000,0x00000007abd14010,0x00000007abd80000)
  to   space 2560K, 0% used [0x00000007abd80000,0x00000007abd80000,0x00000007ac000000)
 ParOldGen       total 44032K, used 414K [0x0000000780000000, 0x0000000782b00000, 0x00000007aab00000)
  object space 44032K, 0% used [0x0000000780000000,0x0000000780067a70,0x0000000782b00000)
 Metaspace       used 7486K, capacity 7650K, committed 7808K, reserved 1056768K
  class space    used 733K, capacity 794K, committed 896K, reserved 1048576K
}
Event: 48.140 GC heap before
{Heap before GC invocations=4 (full 0):
 PSYoungGen      total 18944K, used 18512K [0x00000007aab00000, 0x00000007ac000000, 0x00000007c0000000)
  eden space 16384K, 100% used [0x00000007aab00000,0x00000007abb00000,0x00000007abb00000)
  from space 2560K, 83% used [0x00000007abb00000,0x00000007abd14010,0x00000007abd80000)
  to   space 2560K, 0% used [0x00000007abd80000,0x00000007abd80000,0x00000007ac000000)
 ParOldGen       total 44032K, used 414K [0x0000000780000000, 0x0000000782b00000, 0x00000007aab00000)
  object space 44032K, 0% used [0x0000000780000000,0x0000000780067a70,0x0000000782b00000)
 Metaspace       used 7488K, capacity 7650K, committed 7808K, reserved 1056768K
  class space    used 733K, capacity 794K, committed 896K, reserved 1048576K
Event: 48.149 GC heap after
Heap after GC invocations=4 (full 0):
 PSYoungGen      total 18944K, used 2128K [0x00000007aab00000, 0x00000007ac000000, 0x00000007c0000000)
  eden space 16384K, 0% used [0x00000007aab00000,0x00000007aab00000,0x00000007abb00000)
  from space 2560K, 83% used [0x00000007abd80000,0x00000007abf94010,0x00000007ac000000)
  to   space 2560K, 0% used [0x00000007abb00000,0x00000007abb00000,0x00000007abd80000)
 ParOldGen       total 44032K, used 422K [0x0000000780000000, 0x0000000782b00000, 0x00000007aab00000)
  object space 44032K, 0% used [0x0000000780000000,0x0000000780069a70,0x0000000782b00000)
 Metaspace       used 7488K, capacity 7650K, committed 7808K, reserved 1056768K
  class space    used 733K, capacity 794K, committed 896K, reserved 1048576K
}

Deoptimization events (10 events):
Event: 0.519 Thread 0x00007fec89010800 Uncommon trap: reason=unstable_if action=reinterpret pc=0x0000000108136e00 method=java.lang.String.indexOf(II)I @ 49
Event: 0.758 Thread 0x00007fec89010800 Uncommon trap: reason=unstable_if action=reinterpret pc=0x00000001081a4604 method=java.lang.String.indexOf([CII[CIII)I @ 134
Event: 1.110 Thread 0x00007fec89010800 Uncommon trap: reason=unstable_if action=reinterpret pc=0x00000001081b4ea8 method=java.lang.String.replace(CC)Ljava/lang/String; @ 26
Event: 5.520 Thread 0x00007fec89010800 Uncommon trap: reason=unstable_if action=reinterpret pc=0x00000001083215bc method=jig.Entity.collides(Ljig/Entity;)Ljig/Collision; @ 108
Event: 5.520 Thread 0x00007fec89010800 Uncommon trap: reason=unstable_if action=reinterpret pc=0x000000010830e6a0 method=org.newdawn.slick.util.FastTrig.reduceSinAngle(D)D @ 16
Event: 5.520 Thread 0x00007fec89010800 Uncommon trap: reason=unstable_if action=reinterpret pc=0x0000000108318f18 method=org.newdawn.slick.util.FastTrig.reduceSinAngle(D)D @ 33
Event: 21.014 Thread 0x00007fec89010800 Uncommon trap: reason=unstable_if action=reinterpret pc=0x00000001083e6510 method=org.lwjgl.input.Keyboard.isKeyDown(I)Z @ 29
Event: 30.045 Thread 0x00007fec89010800 Uncommon trap: reason=unstable_if action=reinterpret pc=0x000000010832a510 method=java.util.LinkedList.node(I)Ljava/util/LinkedList$Node; @ 7
Event: 30.046 Thread 0x00007fec89010800 Uncommon trap: reason=unstable_if action=reinterpret pc=0x00000001083a4f98 method=java.util.LinkedList.node(I)Ljava/util/LinkedList$Node; @ 7
Event: 34.185 Thread 0x00007fec89010800 Uncommon trap: reason=unstable_if action=reinterpret pc=0x0000000108321df4 method=org.newdawn.slick.Image.init()V @ 4

Internal exceptions (10 events):
Event: 0.298 Thread 0x00007fec89010800 Exception <a 'java/security/PrivilegedActionException'> (0x00000007aac0dad8) thrown at [/HUDSON3/workspace/8-2-build-macosx-x86_64/jdk8u101/7261/hotspot/src/share/vm/prims/jvm.cpp, line 1386]
Event: 0.454 Thread 0x00007fec89010800 Exception <a 'java/security/PrivilegedActionException'> (0x00000007aad82560) thrown at [/HUDSON3/workspace/8-2-build-macosx-x86_64/jdk8u101/7261/hotspot/src/share/vm/prims/jvm.cpp, line 1386]
Event: 0.455 Thread 0x00007fec89010800 Exception <a 'java/security/PrivilegedActionException'> (0x00000007aad82770) thrown at [/HUDSON3/workspace/8-2-build-macosx-x86_64/jdk8u101/7261/hotspot/src/share/vm/prims/jvm.cpp, line 1386]
Event: 0.455 Thread 0x00007fec89010800 Exception <a 'java/security/PrivilegedActionException'> (0x00000007aad85c60) thrown at [/HUDSON3/workspace/8-2-build-macosx-x86_64/jdk8u101/7261/hotspot/src/share/vm/prims/jvm.cpp, line 1386]
Event: 0.455 Thread 0x00007fec89010800 Exception <a 'java/security/PrivilegedActionException'> (0x00000007aad85e70) thrown at [/HUDSON3/workspace/8-2-build-macosx-x86_64/jdk8u101/7261/hotspot/src/share/vm/prims/jvm.cpp, line 1386]
Event: 0.656 Thread 0x00007fec89010800 Exception <a 'java/lang/NoSuchFieldError': method resolution failed> (0x00000007aae550a8) thrown at [/HUDSON3/workspace/8-2-build-macosx-x86_64/jdk8u101/7261/hotspot/src/share/vm/prims/methodHandles.cpp, line 1146]
Event: 0.670 Thread 0x00007fec89010800 Exception <a 'java/lang/NoSuchFieldError': method resolution failed> (0x00000007aae627c8) thrown at [/HUDSON3/workspace/8-2-build-macosx-x86_64/jdk8u101/7261/hotspot/src/share/vm/prims/methodHandles.cpp, line 1146]
Event: 1.017 Thread 0x00007fec89010800 Exception <a 'java/io/FileNotFoundException'> (0x00000007aaedd850) thrown at [/HUDSON3/workspace/8-2-build-macosx-x86_64/jdk8u101/7261/hotspot/src/share/vm/prims/jni.cpp, line 709]
Event: 1.017 Thread 0x00007fec89010800 Exception <a 'java/io/FileNotFoundException'> (0x00000007aaede3f8) thrown at [/HUDSON3/workspace/8-2-build-macosx-x86_64/jdk8u101/7261/hotspot/src/share/vm/prims/jni.cpp, line 709]
Event: 1.076 Thread 0x00007fec89010800 Exception <a 'java/lang/UnsatisfiedLinkError'> (0x00000007aaeed610) thrown at [/HUDSON3/workspace/8-2-build-macosx-x86_64/jdk8u101/7261/hotspot/src/share/vm/prims/jvm.cpp, line 1390]

Events (10 events):
Event: 41.242 Thread 0x00007fec8b97d800 Thread exited: 0x00007fec8b97d800
Event: 41.566 Thread 0x00007fec8b97d800 Thread added: 0x00007fec8b97d800
Event: 41.914 Executing VM operation: ParallelGCFailedAllocation
Event: 41.947 Executing VM operation: ParallelGCFailedAllocation done
Event: 42.623 Executing VM operation: RevokeBias
Event: 42.623 Executing VM operation: RevokeBias done
Event: 42.623 Thread 0x00007fec8b97d800 Thread exited: 0x00007fec8b97d800
Event: 43.399 Thread 0x00007fec8c06a800 Thread added: 0x00007fec8c06a800
Event: 48.140 Executing VM operation: ParallelGCFailedAllocation
Event: 48.149 Executing VM operation: ParallelGCFailedAllocation done


Dynamic libraries:
0x0000000005ac0000 	/System/Library/Frameworks/Cocoa.framework/Versions/A/Cocoa
0x0000000005ac0000 	/System/Library/Frameworks/Security.framework/Versions/A/Security
0x0000000005ac0000 	/System/Library/Frameworks/ApplicationServices.framework/Versions/A/ApplicationServices
0x0000000005ac0000 	/usr/lib/libz.1.dylib
0x0000000005ac0000 	/usr/lib/libSystem.B.dylib
0x0000000005ac0000 	/usr/lib/libobjc.A.dylib
0x0000000005ac0000 	/System/Library/Frameworks/CoreFoundation.framework/Versions/A/CoreFoundation
0x0000000005ac0000 	/System/Library/Frameworks/Foundation.framework/Versions/C/Foundation
0x0000000005ac0000 	/System/Library/Frameworks/AppKit.framework/Versions/C/AppKit
0x0000000005ac0000 	/System/Library/Frameworks/CoreData.framework/Versions/A/CoreData
0x0000000005ac0000 	/System/Library/PrivateFrameworks/RemoteViewServices.framework/Versions/A/RemoteViewServices
0x0000000005ac0000 	/System/Library/PrivateFrameworks/UIFoundation.framework/Versions/A/UIFoundation
0x0000000005ac0000 	/usr/lib/libScreenReader.dylib
0x0000000005ac0000 	/System/Library/Frameworks/Accelerate.framework/Versions/A/Accelerate
0x0000000005ac0000 	/System/Library/Frameworks/IOSurface.framework/Versions/A/IOSurface
0x0000000005ac0000 	/System/Library/Frameworks/AudioToolbox.framework/Versions/A/AudioToolbox
0x0000000005ac0000 	/System/Library/Frameworks/AudioUnit.framework/Versions/A/AudioUnit
0x0000000005ac0000 	/System/Library/PrivateFrameworks/DataDetectorsCore.framework/Versions/A/DataDetectorsCore
0x0000000005ac0000 	/System/Library/PrivateFrameworks/DesktopServicesPriv.framework/Versions/A/DesktopServicesPriv
0x0000000005ac0000 	/System/Library/Frameworks/Carbon.framework/Versions/A/Frameworks/HIToolbox.framework/Versions/A/HIToolbox
0x0000000005ac0000 	/System/Library/Frameworks/QuartzCore.framework/Versions/A/QuartzCore
0x0000000005ac0000 	/System/Library/Frameworks/Carbon.framework/Versions/A/Frameworks/SpeechRecognition.framework/Versions/A/SpeechRecognition
0x0000000005ac0000 	/usr/lib/libauto.dylib
0x0000000005ac0000 	/usr/lib/libicucore.A.dylib
0x0000000005ac0000 	/usr/lib/libxml2.2.dylib
0x0000000005ac0000 	/System/Library/PrivateFrameworks/CoreUI.framework/Versions/A/CoreUI
0x0000000005ac0000 	/System/Library/Frameworks/CoreAudio.framework/Versions/A/CoreAudio
0x0000000005ac0000 	/System/Library/Frameworks/DiskArbitration.framework/Versions/A/DiskArbitration
0x0000000005ac0000 	/usr/lib/liblangid.dylib
0x0000000005ac0000 	/System/Library/PrivateFrameworks/MultitouchSupport.framework/Versions/A/MultitouchSupport
0x0000000005ac0000 	/System/Library/Frameworks/IOKit.framework/Versions/A/IOKit
0x0000000005ac0000 	/usr/lib/libDiagnosticMessagesClient.dylib
0x0000000005ac0000 	/System/Library/Frameworks/CoreServices.framework/Versions/A/CoreServices
0x0000000005ac0000 	/System/Library/PrivateFrameworks/PerformanceAnalysis.framework/Versions/A/PerformanceAnalysis
0x0000000005ac0000 	/System/Library/PrivateFrameworks/GenerationalStorage.framework/Versions/A/GenerationalStorage
0x0000000005ac0000 	/System/Library/Frameworks/OpenGL.framework/Versions/A/OpenGL
0x0000000005ac0000 	/System/Library/PrivateFrameworks/Sharing.framework/Versions/A/Sharing
0x0000000005ac0000 	/System/Library/Frameworks/CoreGraphics.framework/Versions/A/CoreGraphics
0x0000000005ac0000 	/System/Library/Frameworks/CoreImage.framework/Versions/A/CoreImage
0x0000000005ac0000 	/System/Library/Frameworks/CoreText.framework/Versions/A/CoreText
0x0000000005ac0000 	/System/Library/Frameworks/ImageIO.framework/Versions/A/ImageIO
0x0000000005ac0000 	/System/Library/PrivateFrameworks/Backup.framework/Versions/A/Backup
0x0000000005ac0000 	/usr/lib/libextension.dylib
0x0000000005ac0000 	/usr/lib/libarchive.2.dylib
0x0000000005ac0000 	/System/Library/Frameworks/CFNetwork.framework/Versions/A/CFNetwork
0x0000000005ac0000 	/System/Library/Frameworks/SystemConfiguration.framework/Versions/A/SystemConfiguration
0x0000000005ac0000 	/usr/lib/libCRFSuite.dylib
0x0000000005ac0000 	/usr/lib/libc++.1.dylib
0x0000000005ac0000 	/usr/lib/libc++abi.dylib
0x0000000005ac0000 	/usr/lib/system/libcache.dylib
0x0000000005ac0000 	/usr/lib/system/libcommonCrypto.dylib
0x0000000005ac0000 	/usr/lib/system/libcompiler_rt.dylib
0x0000000005ac0000 	/usr/lib/system/libcopyfile.dylib
0x0000000005ac0000 	/usr/lib/system/libcorecrypto.dylib
0x0000000005ac0000 	/usr/lib/system/libdispatch.dylib
0x0000000005ac0000 	/usr/lib/system/libdyld.dylib
0x0000000005ac0000 	/usr/lib/system/libkeymgr.dylib
0x0000000005ac0000 	/usr/lib/system/liblaunch.dylib
0x0000000005ac0000 	/usr/lib/system/libmacho.dylib
0x0000000005ac0000 	/usr/lib/system/libquarantine.dylib
0x0000000005ac0000 	/usr/lib/system/libremovefile.dylib
0x0000000005ac0000 	/usr/lib/system/libsystem_asl.dylib
0x0000000005ac0000 	/usr/lib/system/libsystem_blocks.dylib
0x0000000005ac0000 	/usr/lib/system/libsystem_c.dylib
0x0000000005ac0000 	/usr/lib/system/libsystem_configuration.dylib
0x0000000005ac0000 	/usr/lib/system/libsystem_coreservices.dylib
0x0000000005ac0000 	/usr/lib/system/libsystem_coretls.dylib
0x0000000005ac0000 	/usr/lib/system/libsystem_dnssd.dylib
0x0000000005ac0000 	/usr/lib/system/libsystem_info.dylib
0x0000000005ac0000 	/usr/lib/system/libsystem_kernel.dylib
0x0000000005ac0000 	/usr/lib/system/libsystem_m.dylib
0x0000000005ac0000 	/usr/lib/system/libsystem_malloc.dylib
0x0000000005ac0000 	/usr/lib/system/libsystem_network.dylib
0x0000000005ac0000 	/usr/lib/system/libsystem_networkextension.dylib
0x0000000005ac0000 	/usr/lib/system/libsystem_notify.dylib
0x0000000005ac0000 	/usr/lib/system/libsystem_platform.dylib
0x0000000005ac0000 	/usr/lib/system/libsystem_pthread.dylib
0x0000000005ac0000 	/usr/lib/system/libsystem_sandbox.dylib
0x0000000005ac0000 	/usr/lib/system/libsystem_secinit.dylib
0x0000000005ac0000 	/usr/lib/system/libsystem_trace.dylib
0x0000000005ac0000 	/usr/lib/system/libunc.dylib
0x0000000005ac0000 	/usr/lib/system/libunwind.dylib
0x0000000005ac0000 	/usr/lib/system/libxpc.dylib
0x0000000005ac0000 	/usr/lib/libenergytrace.dylib
0x0000000005ac0000 	/usr/lib/libbsm.0.dylib
0x0000000005ac0000 	/usr/lib/system/libkxld.dylib
0x0000000005ac0000 	/usr/lib/libxar.1.dylib
0x0000000005ac0000 	/usr/lib/libsqlite3.dylib
0x0000000005ac0000 	/usr/lib/libpam.2.dylib
0x0000000005ac0000 	/usr/lib/libOpenScriptingUtil.dylib
0x0000000005ac0000 	/usr/lib/libbz2.1.0.dylib
0x0000000005ac0000 	/usr/lib/liblzma.5.dylib
0x0000000005ac0000 	/System/Library/Frameworks/CoreServices.framework/Versions/A/Frameworks/FSEvents.framework/Versions/A/FSEvents
0x0000000005ac0000 	/System/Library/Frameworks/CoreServices.framework/Versions/A/Frameworks/CarbonCore.framework/Versions/A/CarbonCore
0x0000000005ac0000 	/System/Library/Frameworks/CoreServices.framework/Versions/A/Frameworks/Metadata.framework/Versions/A/Metadata
0x0000000005ac0000 	/System/Library/Frameworks/CoreServices.framework/Versions/A/Frameworks/OSServices.framework/Versions/A/OSServices
0x0000000005ac0000 	/System/Library/Frameworks/CoreServices.framework/Versions/A/Frameworks/SearchKit.framework/Versions/A/SearchKit
0x0000000005ac0000 	/System/Library/Frameworks/CoreServices.framework/Versions/A/Frameworks/AE.framework/Versions/A/AE
0x0000000005ac0000 	/System/Library/Frameworks/CoreServices.framework/Versions/A/Frameworks/LaunchServices.framework/Versions/A/LaunchServices
0x0000000005ac0000 	/System/Library/Frameworks/CoreServices.framework/Versions/A/Frameworks/DictionaryServices.framework/Versions/A/DictionaryServices
0x0000000005ac0000 	/System/Library/Frameworks/CoreServices.framework/Versions/A/Frameworks/SharedFileList.framework/Versions/A/SharedFileList
0x0000000005ac0000 	/System/Library/Frameworks/NetFS.framework/Versions/A/NetFS
0x0000000005ac0000 	/System/Library/PrivateFrameworks/NetAuth.framework/Versions/A/NetAuth
0x0000000005ac0000 	/System/Library/PrivateFrameworks/login.framework/Versions/A/Frameworks/loginsupport.framework/Versions/A/loginsupport
0x0000000005ac0000 	/System/Library/PrivateFrameworks/TCC.framework/Versions/A/TCC
0x0000000005ac0000 	/usr/lib/libmecabra.dylib
0x0000000005ac0000 	/System/Library/Frameworks/ApplicationServices.framework/Versions/A/Frameworks/ATS.framework/Versions/A/ATS
0x0000000005ac0000 	/System/Library/Frameworks/ApplicationServices.framework/Versions/A/Frameworks/ColorSync.framework/Versions/A/ColorSync
0x0000000005ac0000 	/System/Library/Frameworks/ApplicationServices.framework/Versions/A/Frameworks/HIServices.framework/Versions/A/HIServices
0x0000000005ac0000 	/System/Library/Frameworks/ApplicationServices.framework/Versions/A/Frameworks/LangAnalysis.framework/Versions/A/LangAnalysis
0x0000000005ac0000 	/System/Library/Frameworks/ApplicationServices.framework/Versions/A/Frameworks/PrintCore.framework/Versions/A/PrintCore
0x0000000005ac0000 	/System/Library/Frameworks/ApplicationServices.framework/Versions/A/Frameworks/QD.framework/Versions/A/QD
0x0000000005ac0000 	/System/Library/Frameworks/ApplicationServices.framework/Versions/A/Frameworks/SpeechSynthesis.framework/Versions/A/SpeechSynthesis
0x0000000005ac0000 	/System/Library/Frameworks/Metal.framework/Versions/A/Metal
0x0000000005ac0000 	/System/Library/Frameworks/Accelerate.framework/Versions/A/Frameworks/vImage.framework/Versions/A/vImage
0x0000000005ac0000 	/System/Library/Frameworks/Accelerate.framework/Versions/A/Frameworks/vecLib.framework/Versions/A/vecLib
0x0000000005ac0000 	/System/Library/Frameworks/Accelerate.framework/Versions/A/Frameworks/vecLib.framework/Versions/A/libvDSP.dylib
0x0000000005ac0000 	/System/Library/Frameworks/Accelerate.framework/Versions/A/Frameworks/vecLib.framework/Versions/A/libvMisc.dylib
0x0000000005ac0000 	/System/Library/Frameworks/Accelerate.framework/Versions/A/Frameworks/vecLib.framework/Versions/A/libLAPACK.dylib
0x0000000005ac0000 	/System/Library/Frameworks/Accelerate.framework/Versions/A/Frameworks/vecLib.framework/Versions/A/libBLAS.dylib
0x0000000005ac0000 	/System/Library/Frameworks/Accelerate.framework/Versions/A/Frameworks/vecLib.framework/Versions/A/libLinearAlgebra.dylib
0x0000000005ac0000 	/System/Library/Frameworks/Accelerate.framework/Versions/A/Frameworks/vecLib.framework/Versions/A/libSparseBLAS.dylib
0x0000000005ac0000 	/System/Library/PrivateFrameworks/GPUCompiler.framework/libmetal_timestamp.dylib
0x0000000005ac0000 	/System/Library/Frameworks/OpenGL.framework/Versions/A/Libraries/libCoreFSCache.dylib
0x0000000005ac0000 	/System/Library/PrivateFrameworks/IOAccelerator.framework/Versions/A/IOAccelerator
0x0000000005ac0000 	/System/Library/Frameworks/ApplicationServices.framework/Versions/A/Frameworks/ATS.framework/Versions/A/Resources/libFontParser.dylib
0x0000000005ac0000 	/System/Library/Frameworks/ApplicationServices.framework/Versions/A/Frameworks/ATS.framework/Versions/A/Resources/libFontRegistry.dylib
0x0000000005ac0000 	/System/Library/PrivateFrameworks/AppleVPA.framework/Versions/A/AppleVPA
0x0000000005ac0000 	/System/Library/PrivateFrameworks/AppleJPEG.framework/Versions/A/AppleJPEG
0x0000000005ac0000 	/System/Library/Frameworks/ImageIO.framework/Versions/A/Resources/libJPEG.dylib
0x0000000005ac0000 	/System/Library/Frameworks/ImageIO.framework/Versions/A/Resources/libTIFF.dylib
0x0000000005ac0000 	/System/Library/Frameworks/ImageIO.framework/Versions/A/Resources/libPng.dylib
0x0000000005ac0000 	/System/Library/Frameworks/ImageIO.framework/Versions/A/Resources/libGIF.dylib
0x0000000005ac0000 	/System/Library/Frameworks/ImageIO.framework/Versions/A/Resources/libJP2.dylib
0x0000000005ac0000 	/System/Library/Frameworks/ImageIO.framework/Versions/A/Resources/libRadiance.dylib
0x0000000005ac0000 	/System/Library/Frameworks/CoreVideo.framework/Versions/A/CoreVideo
0x0000000005ac0000 	/System/Library/Frameworks/OpenGL.framework/Versions/A/Libraries/libGLU.dylib
0x0000000005ac0000 	/System/Library/Frameworks/OpenGL.framework/Versions/A/Libraries/libGFXShared.dylib
0x0000000005ac0000 	/System/Library/Frameworks/OpenGL.framework/Versions/A/Libraries/libGL.dylib
0x0000000005ac0000 	/System/Library/Frameworks/OpenGL.framework/Versions/A/Libraries/libGLImage.dylib
0x0000000005ac0000 	/System/Library/Frameworks/OpenGL.framework/Versions/A/Libraries/libCVMSPluginSupport.dylib
0x0000000005ac0000 	/System/Library/Frameworks/OpenGL.framework/Versions/A/Libraries/libCoreVMClient.dylib
0x0000000005ac0000 	/usr/lib/libcompression.dylib
0x0000000005ac0000 	/usr/lib/libcups.2.dylib
0x0000000005ac0000 	/System/Library/Frameworks/Kerberos.framework/Versions/A/Kerberos
0x0000000005ac0000 	/System/Library/Frameworks/GSS.framework/Versions/A/GSS
0x0000000005ac0000 	/usr/lib/libresolv.9.dylib
0x0000000005ac0000 	/usr/lib/libiconv.2.dylib
0x0000000005ac0000 	/System/Library/PrivateFrameworks/Heimdal.framework/Versions/A/Heimdal
0x0000000005ac0000 	/usr/lib/libheimdal-asn1.dylib
0x0000000005ac0000 	/System/Library/Frameworks/OpenDirectory.framework/Versions/A/OpenDirectory
0x0000000005ac0000 	/System/Library/PrivateFrameworks/CommonAuth.framework/Versions/A/CommonAuth
0x0000000005ac0000 	/System/Library/Frameworks/OpenDirectory.framework/Versions/A/Frameworks/CFOpenDirectory.framework/Versions/A/CFOpenDirectory
0x0000000005ac0000 	/System/Library/Frameworks/SecurityFoundation.framework/Versions/A/SecurityFoundation
0x0000000005ac0000 	/System/Library/PrivateFrameworks/LanguageModeling.framework/Versions/A/LanguageModeling
0x0000000005ac0000 	/usr/lib/libmarisa.dylib
0x0000000005ac0000 	/usr/lib/libChineseTokenizer.dylib
0x0000000005ac0000 	/usr/lib/libcmph.dylib
0x0000000005ac0000 	/System/Library/Frameworks/ServiceManagement.framework/Versions/A/ServiceManagement
0x0000000005ac0000 	/usr/lib/libxslt.1.dylib
0x0000000005ac0000 	/System/Library/Frameworks/Carbon.framework/Versions/A/Frameworks/Ink.framework/Versions/A/Ink
0x0000000005ac0000 	/usr/lib/libFosl_dynamic.dylib
0x0000000005ac0000 	/System/Library/PrivateFrameworks/FaceCore.framework/Versions/A/FaceCore
0x0000000005ac0000 	/System/Library/Frameworks/OpenCL.framework/Versions/A/OpenCL
0x0000000005ac0000 	/System/Library/PrivateFrameworks/CrashReporterSupport.framework/Versions/A/CrashReporterSupport
0x0000000005ac0000 	/System/Library/PrivateFrameworks/IconServices.framework/Versions/A/IconServices
0x0000000005ac0000 	/System/Library/PrivateFrameworks/Apple80211.framework/Versions/A/Apple80211
0x0000000005ac0000 	/System/Library/Frameworks/CoreWLAN.framework/Versions/A/CoreWLAN
0x0000000005ac0000 	/System/Library/Frameworks/IOBluetooth.framework/Versions/A/IOBluetooth
0x0000000005ac0000 	/System/Library/PrivateFrameworks/CoreWiFi.framework/Versions/A/CoreWiFi
0x0000000005ac0000 	/System/Library/Frameworks/CoreBluetooth.framework/Versions/A/CoreBluetooth
0x0000000005ac0000 	/System/Library/PrivateFrameworks/ChunkingLibrary.framework/Versions/A/ChunkingLibrary
0x0000000005ac0000 	/System/Library/PrivateFrameworks/DebugSymbols.framework/Versions/A/DebugSymbols
0x0000000005ac0000 	/System/Library/PrivateFrameworks/CoreSymbolication.framework/Versions/A/CoreSymbolication
0x0000000005ac0000 	/System/Library/PrivateFrameworks/Symbolication.framework/Versions/A/Symbolication
0x0000000005ac0000 	/System/Library/PrivateFrameworks/SpeechRecognitionCore.framework/Versions/A/SpeechRecognitionCore
0x0000000106b99000 	/Library/Java/JavaVirtualMachines/jdk1.8.0_101.jdk/Contents/Home/jre/lib/server/libjvm.dylib
0x0000000005ac0000 	/usr/lib/libstdc++.6.dylib
0x0000000107b36000 	/Library/Java/JavaVirtualMachines/jdk1.8.0_101.jdk/Contents/Home/jre/lib/libverify.dylib
0x0000000107b44000 	/Library/Java/JavaVirtualMachines/jdk1.8.0_101.jdk/Contents/Home/jre/lib/libjava.dylib
0x0000000107b87000 	/Library/Java/JavaVirtualMachines/jdk1.8.0_101.jdk/Contents/Home/jre/lib/libzip.dylib
0x000000011ad5e000 	/System/Library/Frameworks/JavaVM.framework/Frameworks/JavaRuntimeSupport.framework/JavaRuntimeSupport
0x000000011ad79000 	/System/Library/Frameworks/JavaVM.framework/Versions/A/Frameworks/JavaNativeFoundation.framework/Versions/A/JavaNativeFoundation
0x0000000107bed000 	/System/Library/Frameworks/JavaVM.framework/Versions/A/JavaVM
0x0000000005ac0000 	/System/Library/Frameworks/Carbon.framework/Versions/A/Carbon
0x000000011ad8e000 	/System/Library/PrivateFrameworks/JavaLaunching.framework/Versions/A/JavaLaunching
0x0000000005ac0000 	/System/Library/Frameworks/Carbon.framework/Versions/A/Frameworks/CommonPanels.framework/Versions/A/CommonPanels
0x0000000005ac0000 	/System/Library/Frameworks/Carbon.framework/Versions/A/Frameworks/Help.framework/Versions/A/Help
0x0000000005ac0000 	/System/Library/Frameworks/Carbon.framework/Versions/A/Frameworks/ImageCapture.framework/Versions/A/ImageCapture
0x0000000005ac0000 	/System/Library/Frameworks/Carbon.framework/Versions/A/Frameworks/OpenScripting.framework/Versions/A/OpenScripting
0x0000000005ac0000 	/System/Library/Frameworks/Carbon.framework/Versions/A/Frameworks/Print.framework/Versions/A/Print
0x0000000005ac0000 	/System/Library/Frameworks/Carbon.framework/Versions/A/Frameworks/SecurityHI.framework/Versions/A/SecurityHI
0x000000011c705000 	/Library/Java/JavaVirtualMachines/jdk1.8.0_101.jdk/Contents/Home/jre/lib/libawt.dylib
0x000000011c7ad000 	/Library/Java/JavaVirtualMachines/jdk1.8.0_101.jdk/Contents/Home/jre/lib/./libmlib_image.dylib
0x000000011c879000 	/Library/Java/JavaVirtualMachines/jdk1.8.0_101.jdk/Contents/Home/jre/lib/libawt_lwawt.dylib
0x000000011c92e000 	/Library/Java/JavaVirtualMachines/jdk1.8.0_101.jdk/Contents/Home/jre/lib/./libosxapp.dylib
0x0000000005ac0000 	/System/Library/Frameworks/ExceptionHandling.framework/Versions/A/ExceptionHandling
0x0000000005ac0000 	/System/Library/PrivateFrameworks/CoreServicesInternal.framework/Versions/A/CoreServicesInternal
0x0000000005ac0000 	/System/Library/Frameworks/CoreGraphics.framework/Versions/A/Resources/libRIP.A.dylib
0x0000000005ac0000 	/System/Library/Frameworks/Accelerate.framework/Versions/A/Frameworks/vImage.framework/Versions/A/Libraries/libCGInterfaces.dylib
0x0000000005ac0000 	/System/Library/Frameworks/CoreGraphics.framework/Versions/A/Resources/libCGXType.A.dylib
0x0000000005ac0000 	/System/Library/Frameworks/OpenCL.framework/Versions/A/Libraries/libcldcpuengine.dylib
0x0000000005ac0000 	/System/Library/PrivateFrameworks/DiskImages.framework/Versions/A/DiskImages
0x0000000005ac0000 	/System/Library/Frameworks/DiscRecording.framework/Versions/A/DiscRecording
0x0000000005ac0000 	/usr/lib/libcsfde.dylib
0x0000000005ac0000 	/usr/lib/libcurl.4.dylib
0x0000000005ac0000 	/System/Library/PrivateFrameworks/MediaKit.framework/Versions/A/MediaKit
0x0000000005ac0000 	/System/Library/PrivateFrameworks/ProtectedCloudStorage.framework/Versions/A/ProtectedCloudStorage
0x0000000005ac0000 	/usr/lib/libCoreStorage.dylib
0x0000000005ac0000 	/System/Library/PrivateFrameworks/EFILogin.framework/Versions/A/EFILogin
0x0000000005ac0000 	/usr/lib/libutil.dylib
0x0000000005ac0000 	/System/Library/PrivateFrameworks/FindMyDevice.framework/Versions/A/FindMyDevice
0x0000000005ac0000 	/System/Library/Frameworks/LDAP.framework/Versions/A/LDAP
0x0000000005ac0000 	/usr/lib/libsasl2.2.dylib
0x0000000005ac0000 	/System/Library/PrivateFrameworks/CoreDaemon.framework/Versions/B/CoreDaemon
0x0000000005ac0000 	/usr/lib/libcrypto.0.9.8.dylib
0x0000000005ac0000 	/System/Library/PrivateFrameworks/AppleSRP.framework/Versions/A/AppleSRP
0x0000000005ac0000 	/System/Library/PrivateFrameworks/TrustEvaluationAgent.framework/Versions/A/TrustEvaluationAgent
0x000000011d6c7000 	cl_kernels
0x0000000005ac0000 	/System/Library/Frameworks/OpenCL.framework/Versions/A/Libraries/ImageFormats/unorm8_bgra.dylib
0x0000000005ac0000 	/System/Library/Frameworks/OpenCL.framework/Versions/A/Libraries/ImageFormats/unorm8_rgba.dylib
0x0000000005ac0000 	/System/Library/PrivateFrameworks/FamilyControls.framework/Versions/A/FamilyControls
0x0000000005ac0000 	/System/Library/PrivateFrameworks/CommerceKit.framework/Versions/A/Frameworks/CommerceCore.framework/Versions/A/CommerceCore
0x0000000005ac0000 	/System/Library/PrivateFrameworks/SystemAdministration.framework/Versions/A/SystemAdministration
0x0000000005ac0000 	/System/Library/PrivateFrameworks/AppContainer.framework/Versions/A/AppContainer
0x0000000005ac0000 	/System/Library/PrivateFrameworks/SecCodeWrapper.framework/Versions/A/SecCodeWrapper
0x0000000005ac0000 	/System/Library/Frameworks/DirectoryService.framework/Versions/A/DirectoryService
0x0000000005ac0000 	/System/Library/PrivateFrameworks/LoginUIKit.framework/Versions/A/Frameworks/LoginUICore.framework/Versions/A/LoginUICore
0x0000000005ac0000 	/usr/lib/libodfde.dylib
0x000000011f2eb000 	/Library/Java/JavaVirtualMachines/jdk1.8.0_101.jdk/Contents/Home/jre/lib/libfontmanager.dylib
0x000000011f352000 	/Users/tylercrabtree/git2/git/JIG/lib/lwjgl-2.9.0/native/macosx/liblwjgl.jnilib
0x000000011d2d8000 	/Library/Java/JavaVirtualMachines/jdk1.8.0_101.jdk/Contents/Home/jre/lib/libjawt.dylib
0x0000000005ac0000 	/System/Library/Frameworks/OpenGL.framework/Versions/A/Resources/GLEngine.bundle/GLEngine
0x0000000005ac0000 	/System/Library/Frameworks/OpenGL.framework/Versions/A/Libraries/libGLProgrammability.dylib
0x000000011f3cd000 	/System/Library/Extensions/GeForceTeslaGLDriver.bundle/Contents/MacOS/GeForceTeslaGLDriver
0x0000000120f8d000 	/System/Library/Extensions/GeForceTeslaGLDriver.bundle/Contents/MacOS/libclh.dylib
0x0000000005ac0000 	/System/Library/PrivateFrameworks/GPUSupport.framework/Versions/A/Libraries/libGPUSupport.dylib
0x0000000005ac0000 	/System/Library/Frameworks/OpenGL.framework/Versions/A/Resources/GLRendererFloat.bundle/GLRendererFloat
0x000000011d6c1000 	/Users/tylercrabtree/git2/git/JIG/lib/lwjgl-2.9.0/native/macosx/libjinput-osx.jnilib
0x0000000122530000 	/System/Library/Extensions/IOHIDFamily.kext/Contents/PlugIns/IOHIDLib.plugin/Contents/MacOS/IOHIDLib

VM Arguments:
jvm_args: -Djava.library.path=/Users/tylercrabtree/git2/git/JIG/lib/lwjgl-2.9.0/native/macosx:/Users/tylercrabtree/git2/git/JIG/lib/lwjgl-2.9.0/native/macosx -Dfile.encoding=UTF-8 
java_command: bman.BombermanGame
java_class_path (initial): /Users/tylercrabtree/Desktop/WorkBomb/Bomberman/bin:/Users/tylercrabtree/git2/git/JIG/jig/bin:/Users/tylercrabtree/git2/git/JIG/lib/slick.jar:/Users/tylercrabtree/git2/git/JIG/lib/lwjgl-2.9.0/jar/jinput.jar:/Users/tylercrabtree/git2/git/JIG/lib/lwjgl-2.9.0/jar/lwjgl.jar:/Users/tylercrabtree/git2/git/JIG/lib/jogg-0.0.7.jar:/Users/tylercrabtree/git2/git/JIG/lib/jorbis-0.0.15.jar
Launcher Type: SUN_STANDARD

Environment Variables:
PATH=/usr/bin:/bin:/usr/sbin:/sbin
SHELL=/bin/bash
DISPLAY=/private/tmp/com.apple.launchd.0U9IQyZmxK/org.macosforge.xquartz:0

Signal Handlers:
SIGSEGV: [libjvm.dylib+0x5af145], sa_mask[0]=11111111011111110111111111111111, sa_flags=SA_ONSTACK|SA_RESTART|SA_SIGINFO
SIGBUS: [libjvm.dylib+0x5af145], sa_mask[0]=11111111011111110111111111111111, sa_flags=SA_RESTART|SA_SIGINFO
SIGFPE: [libjvm.dylib+0x48694c], sa_mask[0]=11111111011111110111111111111111, sa_flags=SA_RESTART|SA_SIGINFO
SIGPIPE: [libjvm.dylib+0x48694c], sa_mask[0]=11111111011111110111111111111111, sa_flags=SA_RESTART|SA_SIGINFO
SIGXFSZ: [libjvm.dylib+0x48694c], sa_mask[0]=11111111011111110111111111111111, sa_flags=SA_RESTART|SA_SIGINFO
SIGILL: [libjvm.dylib+0x48694c], sa_mask[0]=11111111011111110111111111111111, sa_flags=SA_RESTART|SA_SIGINFO
SIGUSR1: SIG_DFL, sa_mask[0]=00000000000000000000000000000000, sa_flags=none
SIGUSR2: [libjvm.dylib+0x48646a], sa_mask[0]=00100000000000000000000000000000, sa_flags=SA_RESTART|SA_SIGINFO
SIGHUP: [libjvm.dylib+0x484a41], sa_mask[0]=11111111011111110111111111111111, sa_flags=SA_RESTART|SA_SIGINFO
SIGINT: [libjvm.dylib+0x484a41], sa_mask[0]=11111111011111110111111111111111, sa_flags=SA_RESTART|SA_SIGINFO
SIGTERM: [libjvm.dylib+0x484a41], sa_mask[0]=11111111011111110111111111111111, sa_flags=SA_RESTART|SA_SIGINFO
SIGQUIT: [libjvm.dylib+0x484a41], sa_mask[0]=11111111011111110111111111111111, sa_flags=SA_RESTART|SA_SIGINFO


---------------  S Y S T E M  ---------------

OS:Bsduname:Darwin 15.6.0 Darwin Kernel Version 15.6.0: Mon Aug 29 20:21:34 PDT 2016; root:xnu-3248.60.11~1/RELEASE_X86_64 x86_64
rlimit: STACK 8192k, CORE 0k, NPROC 709, NOFILE 10240, AS infinity
load average:5.42 7.22 6.41

CPU:total 2 (2 cores per cpu, 1 threads per core) family 6 model 23 stepping 10, cmov, cx8, fxsr, mmx, sse, sse2, sse3, ssse3, sse4.1, tsc

Memory: 4k page, physical 4194304k(196856k free)

/proc/meminfo:


vm_info: Java HotSpot(TM) 64-Bit Server VM (25.101-b13) for bsd-amd64 JRE (1.8.0_101-b13), built on Jun 22 2016 02:42:15 by "java_re" with gcc 4.2.1 (Based on Apple Inc. build 5658) (LLVM build 2336.11.00)

time: Sat Oct 15 17:47:58 2016
elapsed time: 50 seconds (0d 0h 0m 50s)

