#
# A fatal error has been detected by the Java Runtime Environment:
#
#  SIGSEGV (0xb) at pc=0x00007fff8b2ad4dd, pid=1041, tid=0x0000000000000a0b
#
# JRE version: Java(TM) SE Runtime Environment (8.0_101-b13) (build 1.8.0_101-b13)
# Java VM: Java HotSpot(TM) 64-Bit Server VM (25.101-b13 mixed mode bsd-amd64 compressed oops)
# Problematic frame:
# C  [libobjc.A.dylib+0x14dd]  objc_msgSend+0x1d
#
# Failed to write core dump. Core dumps have been disabled. To enable core dumping, try "ulimit -c unlimited" before starting Java again
#
# If you would like to submit a bug report, please visit:
#   http://bugreport.java.com/bugreport/crash.jsp
# The crash happened outside the Java Virtual Machine in native code.
# See problematic frame for where to report the bug.
#

---------------  T H R E A D  ---------------

Current thread (0x00007ff6a41de000):  JavaThread "AppKit Thread" daemon [_thread_in_native, id=2571, stack(0x00007fff5e56a000,0x00007fff5ed6a000)]

siginfo: si_signo: 11 (SIGSEGV), si_code: 1 (SEGV_MAPERR), si_addr: 0x0000000000000018

Registers:
RAX=0x00007ff6a35d4170, RBX=0x00007fff5ed64f78, RCX=0x00007ff6a34bdb88, RDX=0x00007ff6a34c8610
RSP=0x00007fff5ed64f38, RBP=0x00007fff5ed64f40, RSI=0x00007fff9a9c384a, RDI=0x00007ff6a35d4170
R8 =0x000000000000001f, R9 =0x00007ff6a34b8190, R10=0x00007fff9a9c384a, R11=0x0000000000000000
R12=0x00007ff6a34c8610, R13=0x00007ff6a34b8190, R14=0x00007ff6a34bdb80, R15=0x0000000000000000
RIP=0x00007fff8b2ad4dd, EFLAGS=0x0000000000010246, ERR=0x0000000000000004
  TRAPNO=0x000000000000000e

Top of Stack: (sp=0x00007fff5ed64f38)
0x00007fff5ed64f38:   00007fff8ae9ebbc 00007fff5ed64f60
0x00007fff5ed64f48:   00007fff8ae9eb4f 0000000000000000
0x00007fff5ed64f58:   0000000000000000 00007fff5ed64fd0
0x00007fff5ed64f68:   00007fff8ae9eac7 00007fff5ed64fa0
0x00007fff5ed64f78:   00007fff7903c0a0 0000000042000000
0x00007fff5ed64f88:   00007fff8ae9eb10 00007fff786ba720
0x00007fff5ed64f98:   00007ff6a34b8190 00007ff6a34c8610
0x00007fff5ed64fa8:   00007fff5ed65778 00007fff787e7780
0x00007fff5ed64fb8:   00007fff5ed65778 00007ff6a34b8190
0x00007fff5ed64fc8:   00007fff8b25e9e2 00007fff5ed65010
0x00007fff5ed64fd8:   00007fff8ae9e832 00007fff5ed655f0
0x00007fff5ed64fe8:   0000000000000001 00007fff787e7780
0x00007fff5ed64ff8:   00007fff5ed65778 00007fff8b2ad4c0
0x00007fff5ed65008:   00007fff8b25e9e2 00007fff5ed65720
0x00007fff5ed65018:   00007fff8ae5b5e2 00007ff6a34da490
0x00007fff5ed65028:   ffff80095cb25b70 00007fff788c4e80
0x00007fff5ed65038:   00007ff6a3425e00 00007ff6a38040b8
0x00007fff5ed65048:   00007ff6a35d7f70 0000000000000000
0x00007fff5ed65058:   0000000000000000 0000000000000000
0x00007fff5ed65068:   00007ff6a35d8c80 00007fff786f7bc0
0x00007fff5ed65078:   00007fff5ed655f0 0000000000000002
0x00007fff5ed65088:   0000000000000100 00007fff5ed65000
0x00007fff5ed65098:   00007fff5ed654f0 0000000000000000
0x00007fff5ed650a8:   0000000000000100 00007fff5ed65100
0x00007fff5ed650b8:   00007fff787e7780 0000000000000000
0x00007fff5ed650c8:   00007fff786bb500 00007fff787e7780
0x00007fff5ed650d8:   0000000000000000 00007fff786bb500
0x00007fff5ed650e8:   00007fff788c4e80 00007fff5ed65160
0x00007fff5ed650f8:   00007fff8b2b5310 0000000000000000
0x00007fff5ed65108:   00007fff788c6a10 0000000100000000
0x00007fff5ed65118:   0000000000000000 ffff80095ca8b2f0
0x00007fff5ed65128:   00007ff6a34cac40 00007ff6a34cada0 

Instructions: (pc=0x00007fff8b2ad4dd)
0x00007fff8b2ad4bd:   44 00 00 48 85 ff 2e 74 62 40 f6 c7 01 2e 75 66
0x00007fff8b2ad4cd:   49 bb f8 ff ff ff ff 7f 00 00 4c 23 1f 49 89 f2
0x00007fff8b2ad4dd:   45 23 53 18 49 c1 e2 04 4d 03 53 10 49 3b 32 75
0x00007fff8b2ad4ed:   04 41 ff 62 08 49 83 3a 01 76 0d 49 83 c2 10 49 

Register to memory mapping:

RAX=0x00007ff6a35d4170 is an unknown value
RBX=0x00007fff5ed64f78 is pointing into the stack for thread: 0x00007ff6a41de000
RCX=0x00007ff6a34bdb88 is an unknown value
RDX=0x00007ff6a34c8610 is an unknown value
RSP=0x00007fff5ed64f38 is pointing into the stack for thread: 0x00007ff6a41de000
RBP=0x00007fff5ed64f40 is pointing into the stack for thread: 0x00007ff6a41de000
RSI=0x00007fff9a9c384a: -[NSTitlebarContainerView transparent]+0x63088 in /System/Library/Frameworks/AppKit.framework/Versions/C/AppKit at 0x00007fff99f36000
RDI=0x00007ff6a35d4170 is an unknown value
R8 =0x000000000000001f is an unknown value
R9 =0x00007ff6a34b8190 is an unknown value
R10=0x00007fff9a9c384a: -[NSTitlebarContainerView transparent]+0x63088 in /System/Library/Frameworks/AppKit.framework/Versions/C/AppKit at 0x00007fff99f36000
R11=0x0000000000000000 is an unknown value
R12=0x00007ff6a34c8610 is an unknown value
R13=0x00007ff6a34b8190 is an unknown value
R14=0x00007ff6a34bdb80 is an unknown value
R15=0x0000000000000000 is an unknown value


Stack: [0x00007fff5e56a000,0x00007fff5ed6a000],  sp=0x00007fff5ed64f38,  free space=8171k
Native frames: (J=compiled Java code, j=interpreted, Vv=VM code, C=native code)
C  [libobjc.A.dylib+0x14dd]  objc_msgSend+0x1d
C  [CoreFoundation+0xa0b4f]  ___CFXRegistrationPost_block_invoke+0x3f
C  [CoreFoundation+0xa0ac7]  _CFXRegistrationPost+0x197
C  [CoreFoundation+0xa0832]  ___CFXNotificationPost_block_invoke+0x32
C  [CoreFoundation+0x5d5e2]  -[_CFXNotificationRegistrar find:object:observer:enumerator:]+0x782
C  [CoreFoundation+0x5c835]  _CFXNotificationPost+0x2b5
C  [Foundation+0x717a]  -[NSNotificationCenter postNotificationName:object:userInfo:]+0x42
C  [AppKit+0x26526e]  -[NSSurface _disposeSurface]+0xa9
C  [AppKit+0x264cc7]  -[NSSurface setWindow:]+0x42
C  [AppKit+0x28ba7]  -[NSView _setWindow:]+0x9be
C  [AppKit+0x2b993]  -[NSView removeFromSuperview]+0x1d7
C  [AppKit+0x155c7b]  -[NSView removeFromSuperviewWithoutNeedingDisplay]+0x26
C  [liblwjgl.jnilib+0x936e]  +[MacOSXKeyableWindow destroyWindow]+0xde
C  [Foundation+0x76fde]  __NSThreadPerformPerform+0x117
C  [CoreFoundation+0xaa881]  __CFRUNLOOP_IS_CALLING_OUT_TO_A_SOURCE0_PERFORM_FUNCTION__+0x11
C  [CoreFoundation+0x89fbc]  __CFRunLoopDoSources0+0x22c
C  [CoreFoundation+0x894df]  __CFRunLoopRun+0x39f
C  [CoreFoundation+0x88ed8]  CFRunLoopRunSpecific+0x128
C  [HIToolbox+0x30935]  RunCurrentEventLoopInMode+0xeb
C  [HIToolbox+0x3076f]  ReceiveNextEventCommon+0x1b0
C  [HIToolbox+0x305af]  _BlockUntilNextEventMatchingListInModeWithFilter+0x47
C  [AppKit+0x48df6]  _DPSNextEvent+0x42b
C  [AppKit+0x48226]  -[NSApplication _nextEventMatchingEventMask:untilDate:inMode:dequeue:]+0x1c6
C  [libosxapp.dylib+0x23aa]  -[NSApplicationAWT nextEventMatchingMask:untilDate:inMode:dequeue:]+0x7c
C  [AppKit+0x3cd80]  -[NSApplication run]+0x2aa
C  [libosxapp.dylib+0x214d]  +[NSApplicationAWT runAWTLoopWithApp:]+0x9c
C  [libawt_lwawt.dylib+0x444b3]  -[AWTStarter starter:]+0x389
C  [Foundation+0x76fde]  __NSThreadPerformPerform+0x117
C  [CoreFoundation+0xaa881]  __CFRUNLOOP_IS_CALLING_OUT_TO_A_SOURCE0_PERFORM_FUNCTION__+0x11
C  [CoreFoundation+0x89fbc]  __CFRunLoopDoSources0+0x22c
C  [CoreFoundation+0x894df]  __CFRunLoopRun+0x39f
C  [CoreFoundation+0x88ed8]  CFRunLoopRunSpecific+0x128
C  [java+0x6465]  CreateExecutionEnvironment+0x367
C  [java+0x218c]  JLI_Launch+0x7a0
C  [java+0x84c2]  main+0x65
C  [java+0x19e4]  start+0x34
C  0x0000000000000006


---------------  P R O C E S S  ---------------

Java Threads: ( => current thread )
  0x00007ff6a6800000 JavaThread "AWT-Shutdown" [_thread_blocked, id=29023, stack(0x000070000072c000,0x000070000082c000)]
  0x00007ff6a428f800 JavaThread "Timer-0" [_thread_blocked, id=47363, stack(0x0000700000fcd000,0x00007000010cd000)]
=>0x00007ff6a41de000 JavaThread "AppKit Thread" daemon [_thread_in_native, id=2571, stack(0x00007fff5e56a000,0x00007fff5ed6a000)]
  0x00007ff6a4039000 JavaThread "Service Thread" daemon [_thread_blocked, id=17155, stack(0x0000700000b3b000,0x0000700000c3b000)]
  0x00007ff6a383f000 JavaThread "C1 CompilerThread1" daemon [_thread_blocked, id=16643, stack(0x0000700000a38000,0x0000700000b38000)]
  0x00007ff6a383e800 JavaThread "C2 CompilerThread0" daemon [_thread_blocked, id=16131, stack(0x0000700000935000,0x0000700000a35000)]
  0x00007ff6a3823000 JavaThread "Signal Dispatcher" daemon [_thread_blocked, id=12299, stack(0x0000700000832000,0x0000700000932000)]
  0x00007ff6a381a000 JavaThread "Finalizer" daemon [_thread_blocked, id=11267, stack(0x0000700000629000,0x0000700000729000)]
  0x00007ff6a3817800 JavaThread "Reference Handler" daemon [_thread_blocked, id=10755, stack(0x0000700000526000,0x0000700000626000)]
  0x00007ff6a4008000 JavaThread "main" [_thread_in_native, id=4099, stack(0x0000700000084000,0x0000700000184000)]

Other Threads:
  0x00007ff6a4058000 VMThread [stack: 0x0000700000423000,0x0000700000523000] [id=10243]
  0x00007ff6a403c000 WatcherThread [stack: 0x0000700000c3e000,0x0000700000d3e000] [id=17667]

VM state:not at safepoint (normal execution)

VM Mutex/Monitor currently owned by a thread: None

Heap:
 PSYoungGen      total 18944K, used 4483K [0x00000007aab00000, 0x00000007ac000000, 0x00000007c0000000)
  eden space 16384K, 14% used [0x00000007aab00000,0x00000007aad50f10,0x00000007abb00000)
  from space 2560K, 82% used [0x00000007abb00000,0x00000007abd10000,0x00000007abd80000)
  to   space 2560K, 0% used [0x00000007abd80000,0x00000007abd80000,0x00000007ac000000)
 ParOldGen       total 44032K, used 463K [0x0000000780000000, 0x0000000782b00000, 0x00000007aab00000)
  object space 44032K, 1% used [0x0000000780000000,0x0000000780073e30,0x0000000782b00000)
 Metaspace       used 7570K, capacity 7702K, committed 7808K, reserved 1056768K
  class space    used 745K, capacity 794K, committed 896K, reserved 1048576K

Card table byte_map: [0x00000001119c0000,0x0000000111bc1000] byte_map_base: 0x000000010ddc0000

Marking Bits: (ParMarkBitMap*) 0x00000001019ffd20
 Begin Bits: [0x0000000111d17000, 0x0000000112d17000)
 End Bits:   [0x0000000112d17000, 0x0000000113d17000)

Polling page: 0x00000001020f2000

CodeCache: size=245760Kb used=4762Kb max_used=4762Kb free=240997Kb
 bounds [0x0000000102600000, 0x0000000102ab0000, 0x0000000111600000]
 total_blobs=1437 nmethods=1031 adapters=322
 compilation: enabled

Compilation events (10 events):
Event: 41.364 Thread 0x00007ff6a383f000 1028       3       bman.BombermanGame::initialState (901 bytes)
Event: 41.378 Thread 0x00007ff6a383f000 nmethod 1028 0x0000000102a8fed0 code [0x0000000102a910a0, 0x0000000102a9de38]
Event: 41.381 Thread 0x00007ff6a383f000 1030       3       org.newdawn.slick.Animation::<init> (77 bytes)
Event: 41.382 Thread 0x00007ff6a383f000 nmethod 1030 0x0000000102aa7a10 code [0x0000000102aa7ba0, 0x0000000102aa7fb0]
Event: 41.382 Thread 0x00007ff6a383f000 1029       3       jig.Entity::<init> (116 bytes)
Event: 41.383 Thread 0x00007ff6a383f000 nmethod 1029 0x0000000102aa8190 code [0x0000000102aa8380, 0x0000000102aa8cc8]
Event: 41.414 Thread 0x00007ff6a383f000 1031       3       jig.Vector::copy (16 bytes)
Event: 41.415 Thread 0x00007ff6a383f000 nmethod 1031 0x0000000102a8cbd0 code [0x0000000102a8cd40, 0x0000000102a8cfb0]
Event: 41.663 Thread 0x00007ff6a383f000 1032   !   3       java.util.zip.Inflater::setInput (74 bytes)
Event: 41.663 Thread 0x00007ff6a383f000 nmethod 1032 0x0000000102aa91d0 code [0x0000000102aa9360, 0x0000000102aa9898]

GC Heap History (6 events):
Event: 4.449 GC heap before
{Heap before GC invocations=1 (full 0):
 PSYoungGen      total 18944K, used 16384K [0x00000007aab00000, 0x00000007ac000000, 0x00000007c0000000)
  eden space 16384K, 100% used [0x00000007aab00000,0x00000007abb00000,0x00000007abb00000)
  from space 2560K, 0% used [0x00000007abd80000,0x00000007abd80000,0x00000007ac000000)
  to   space 2560K, 0% used [0x00000007abb00000,0x00000007abb00000,0x00000007abd80000)
 ParOldGen       total 44032K, used 0K [0x0000000780000000, 0x0000000782b00000, 0x00000007aab00000)
  object space 44032K, 0% used [0x0000000780000000,0x0000000780000000,0x0000000782b00000)
 Metaspace       used 7286K, capacity 7446K, committed 7552K, reserved 1056768K
  class space    used 735K, capacity 794K, committed 896K, reserved 1048576K
Event: 4.459 GC heap after
Heap after GC invocations=1 (full 0):
 PSYoungGen      total 18944K, used 2528K [0x00000007aab00000, 0x00000007ac000000, 0x00000007c0000000)
  eden space 16384K, 0% used [0x00000007aab00000,0x00000007aab00000,0x00000007abb00000)
  from space 2560K, 98% used [0x00000007abb00000,0x00000007abd780d8,0x00000007abd80000)
  to   space 2560K, 0% used [0x00000007abd80000,0x00000007abd80000,0x00000007ac000000)
 ParOldGen       total 44032K, used 447K [0x0000000780000000, 0x0000000782b00000, 0x00000007aab00000)
  object space 44032K, 1% used [0x0000000780000000,0x000000078006fe30,0x0000000782b00000)
 Metaspace       used 7286K, capacity 7446K, committed 7552K, reserved 1056768K
  class space    used 735K, capacity 794K, committed 896K, reserved 1048576K
}
Event: 22.065 GC heap before
{Heap before GC invocations=2 (full 0):
 PSYoungGen      total 18944K, used 18912K [0x00000007aab00000, 0x00000007ac000000, 0x00000007c0000000)
  eden space 16384K, 100% used [0x00000007aab00000,0x00000007abb00000,0x00000007abb00000)
  from space 2560K, 98% used [0x00000007abb00000,0x00000007abd780d8,0x00000007abd80000)
  to   space 2560K, 0% used [0x00000007abd80000,0x00000007abd80000,0x00000007ac000000)
 ParOldGen       total 44032K, used 447K [0x0000000780000000, 0x0000000782b00000, 0x00000007aab00000)
  object space 44032K, 1% used [0x0000000780000000,0x000000078006fe30,0x0000000782b00000)
 Metaspace       used 7525K, capacity 7638K, committed 7808K, reserved 1056768K
  class space    used 744K, capacity 794K, committed 896K, reserved 1048576K
Event: 22.073 GC heap after
Heap after GC invocations=2 (full 0):
 PSYoungGen      total 18944K, used 2178K [0x00000007aab00000, 0x00000007ac000000, 0x00000007c0000000)
  eden space 16384K, 0% used [0x00000007aab00000,0x00000007aab00000,0x00000007abb00000)
  from space 2560K, 85% used [0x00000007abd80000,0x00000007abfa0900,0x00000007ac000000)
  to   space 2560K, 0% used [0x00000007abb00000,0x00000007abb00000,0x00000007abd80000)
 ParOldGen       total 44032K, used 455K [0x0000000780000000, 0x0000000782b00000, 0x00000007aab00000)
  object space 44032K, 1% used [0x0000000780000000,0x0000000780071e30,0x0000000782b00000)
 Metaspace       used 7525K, capacity 7638K, committed 7808K, reserved 1056768K
  class space    used 744K, capacity 794K, committed 896K, reserved 1048576K
}
Event: 40.148 GC heap before
{Heap before GC invocations=3 (full 0):
 PSYoungGen      total 18944K, used 18562K [0x00000007aab00000, 0x00000007ac000000, 0x00000007c0000000)
  eden space 16384K, 100% used [0x00000007aab00000,0x00000007abb00000,0x00000007abb00000)
  from space 2560K, 85% used [0x00000007abd80000,0x00000007abfa0900,0x00000007ac000000)
  to   space 2560K, 0% used [0x00000007abb00000,0x00000007abb00000,0x00000007abd80000)
 ParOldGen       total 44032K, used 455K [0x0000000780000000, 0x0000000782b00000, 0x00000007aab00000)
  object space 44032K, 1% used [0x0000000780000000,0x0000000780071e30,0x0000000782b00000)
 Metaspace       used 7552K, capacity 7702K, committed 7808K, reserved 1056768K
  class space    used 744K, capacity 794K, committed 896K, reserved 1048576K
Event: 40.157 GC heap after
Heap after GC invocations=3 (full 0):
 PSYoungGen      total 18944K, used 2112K [0x00000007aab00000, 0x00000007ac000000, 0x00000007c0000000)
  eden space 16384K, 0% used [0x00000007aab00000,0x00000007aab00000,0x00000007abb00000)
  from space 2560K, 82% used [0x00000007abb00000,0x00000007abd10000,0x00000007abd80000)
  to   space 2560K, 0% used [0x00000007abd80000,0x00000007abd80000,0x00000007ac000000)
 ParOldGen       total 44032K, used 463K [0x0000000780000000, 0x0000000782b00000, 0x00000007aab00000)
  object space 44032K, 1% used [0x0000000780000000,0x0000000780073e30,0x0000000782b00000)
 Metaspace       used 7552K, capacity 7702K, committed 7808K, reserved 1056768K
  class space    used 744K, capacity 794K, committed 896K, reserved 1048576K
}

Deoptimization events (6 events):
Event: 0.465 Thread 0x00007ff6a4008000 Uncommon trap: reason=unstable_if action=reinterpret pc=0x0000000102738f80 method=java.lang.String.indexOf(II)I @ 49
Event: 0.679 Thread 0x00007ff6a4008000 Uncommon trap: reason=unstable_if action=reinterpret pc=0x0000000102786584 method=java.lang.String.indexOf([CII[CIII)I @ 134
Event: 1.168 Thread 0x00007ff6a4008000 Uncommon trap: reason=unstable_if action=reinterpret pc=0x00000001027a7788 method=java.lang.String.replace(CC)Ljava/lang/String; @ 26
Event: 3.748 Thread 0x00007ff6a4008000 Uncommon trap: reason=unstable_if action=reinterpret pc=0x00000001028fcc90 method=java.util.LinkedList.node(I)Ljava/util/LinkedList$Node; @ 7
Event: 5.381 Thread 0x00007ff6a4008000 Uncommon trap: reason=unstable_if action=reinterpret pc=0x00000001028f2da8 method=jig.Entity.collides(Ljig/Entity;)Ljig/Collision; @ 132
Event: 14.065 Thread 0x00007ff6a4008000 Uncommon trap: reason=unstable_if action=reinterpret pc=0x0000000102954cf0 method=jig.Entity.collides(Ljig/Entity;)Ljig/Collision; @ 120

Internal exceptions (10 events):
Event: 0.302 Thread 0x00007ff6a4008000 Exception <a 'java/security/PrivilegedActionException'> (0x00000007aac0dad8) thrown at [/HUDSON3/workspace/8-2-build-macosx-x86_64/jdk8u101/7261/hotspot/src/share/vm/prims/jvm.cpp, line 1386]
Event: 0.421 Thread 0x00007ff6a4008000 Exception <a 'java/security/PrivilegedActionException'> (0x00000007aad970d8) thrown at [/HUDSON3/workspace/8-2-build-macosx-x86_64/jdk8u101/7261/hotspot/src/share/vm/prims/jvm.cpp, line 1386]
Event: 0.421 Thread 0x00007ff6a4008000 Exception <a 'java/security/PrivilegedActionException'> (0x00000007aad972e8) thrown at [/HUDSON3/workspace/8-2-build-macosx-x86_64/jdk8u101/7261/hotspot/src/share/vm/prims/jvm.cpp, line 1386]
Event: 0.423 Thread 0x00007ff6a4008000 Exception <a 'java/security/PrivilegedActionException'> (0x00000007aad9a7d8) thrown at [/HUDSON3/workspace/8-2-build-macosx-x86_64/jdk8u101/7261/hotspot/src/share/vm/prims/jvm.cpp, line 1386]
Event: 0.423 Thread 0x00007ff6a4008000 Exception <a 'java/security/PrivilegedActionException'> (0x00000007aad9a9e8) thrown at [/HUDSON3/workspace/8-2-build-macosx-x86_64/jdk8u101/7261/hotspot/src/share/vm/prims/jvm.cpp, line 1386]
Event: 0.541 Thread 0x00007ff6a4008000 Exception <a 'java/lang/NoSuchFieldError': method resolution failed> (0x00000007aae69008) thrown at [/HUDSON3/workspace/8-2-build-macosx-x86_64/jdk8u101/7261/hotspot/src/share/vm/prims/methodHandles.cpp, line 1146]
Event: 0.543 Thread 0x00007ff6a4008000 Exception <a 'java/lang/NoSuchFieldError': method resolution failed> (0x00000007aae76758) thrown at [/HUDSON3/workspace/8-2-build-macosx-x86_64/jdk8u101/7261/hotspot/src/share/vm/prims/methodHandles.cpp, line 1146]
Event: 1.124 Thread 0x00007ff6a4008000 Exception <a 'java/io/FileNotFoundException'> (0x00000007aaef1528) thrown at [/HUDSON3/workspace/8-2-build-macosx-x86_64/jdk8u101/7261/hotspot/src/share/vm/prims/jni.cpp, line 709]
Event: 1.124 Thread 0x00007ff6a4008000 Exception <a 'java/io/FileNotFoundException'> (0x00000007aaef20d0) thrown at [/HUDSON3/workspace/8-2-build-macosx-x86_64/jdk8u101/7261/hotspot/src/share/vm/prims/jni.cpp, line 709]
Event: 1.146 Thread 0x00007ff6a4008000 Exception <a 'java/lang/UnsatisfiedLinkError'> (0x00000007aaf012e8) thrown at [/HUDSON3/workspace/8-2-build-macosx-x86_64/jdk8u101/7261/hotspot/src/share/vm/prims/jvm.cpp, line 1390]

Events (10 events):
Event: 26.435 Executing VM operation: RevokeBias
Event: 26.435 Executing VM operation: RevokeBias done
Event: 26.435 Thread 0x00007ff6a6800000 Thread exited: 0x00007ff6a6800000
Event: 27.064 Thread 0x00007ff6a6800000 Thread added: 0x00007ff6a6800000
Event: 30.914 Thread 0x00007ff6a4008000 DEOPT PACKING pc=0x00000001029d404e sp=0x0000700000182f00
Event: 30.914 Thread 0x00007ff6a4008000 DEOPT UNPACKING pc=0x0000000102646f73 sp=0x00007000001831f8 mode 0
Event: 40.148 Executing VM operation: ParallelGCFailedAllocation
Event: 40.157 Executing VM operation: ParallelGCFailedAllocation done
Event: 41.661 loading class org/lwjgl/opengl/CallbackUtil
Event: 41.661 loading class org/lwjgl/opengl/CallbackUtil done


Dynamic libraries:
0x00000000082fb000 	/System/Library/Frameworks/Cocoa.framework/Versions/A/Cocoa
0x00000000082fb000 	/System/Library/Frameworks/Security.framework/Versions/A/Security
0x00000000082fb000 	/System/Library/Frameworks/ApplicationServices.framework/Versions/A/ApplicationServices
0x00000000082fb000 	/usr/lib/libz.1.dylib
0x00000000082fb000 	/usr/lib/libSystem.B.dylib
0x00000000082fb000 	/usr/lib/libobjc.A.dylib
0x00000000082fb000 	/System/Library/Frameworks/CoreFoundation.framework/Versions/A/CoreFoundation
0x00000000082fb000 	/System/Library/Frameworks/Foundation.framework/Versions/C/Foundation
0x00000000082fb000 	/System/Library/Frameworks/AppKit.framework/Versions/C/AppKit
0x00000000082fb000 	/System/Library/Frameworks/CoreData.framework/Versions/A/CoreData
0x00000000082fb000 	/System/Library/PrivateFrameworks/RemoteViewServices.framework/Versions/A/RemoteViewServices
0x00000000082fb000 	/System/Library/PrivateFrameworks/UIFoundation.framework/Versions/A/UIFoundation
0x00000000082fb000 	/usr/lib/libScreenReader.dylib
0x00000000082fb000 	/System/Library/Frameworks/Accelerate.framework/Versions/A/Accelerate
0x00000000082fb000 	/System/Library/Frameworks/IOSurface.framework/Versions/A/IOSurface
0x00000000082fb000 	/System/Library/Frameworks/AudioToolbox.framework/Versions/A/AudioToolbox
0x00000000082fb000 	/System/Library/Frameworks/AudioUnit.framework/Versions/A/AudioUnit
0x00000000082fb000 	/System/Library/PrivateFrameworks/DataDetectorsCore.framework/Versions/A/DataDetectorsCore
0x00000000082fb000 	/System/Library/PrivateFrameworks/DesktopServicesPriv.framework/Versions/A/DesktopServicesPriv
0x00000000082fb000 	/System/Library/Frameworks/Carbon.framework/Versions/A/Frameworks/HIToolbox.framework/Versions/A/HIToolbox
0x00000000082fb000 	/System/Library/Frameworks/QuartzCore.framework/Versions/A/QuartzCore
0x00000000082fb000 	/System/Library/Frameworks/Carbon.framework/Versions/A/Frameworks/SpeechRecognition.framework/Versions/A/SpeechRecognition
0x00000000082fb000 	/usr/lib/libauto.dylib
0x00000000082fb000 	/usr/lib/libicucore.A.dylib
0x00000000082fb000 	/usr/lib/libxml2.2.dylib
0x00000000082fb000 	/System/Library/PrivateFrameworks/CoreUI.framework/Versions/A/CoreUI
0x00000000082fb000 	/System/Library/Frameworks/CoreAudio.framework/Versions/A/CoreAudio
0x00000000082fb000 	/System/Library/Frameworks/DiskArbitration.framework/Versions/A/DiskArbitration
0x00000000082fb000 	/usr/lib/liblangid.dylib
0x00000000082fb000 	/System/Library/PrivateFrameworks/MultitouchSupport.framework/Versions/A/MultitouchSupport
0x00000000082fb000 	/System/Library/Frameworks/IOKit.framework/Versions/A/IOKit
0x00000000082fb000 	/usr/lib/libDiagnosticMessagesClient.dylib
0x00000000082fb000 	/System/Library/Frameworks/CoreServices.framework/Versions/A/CoreServices
0x00000000082fb000 	/System/Library/PrivateFrameworks/PerformanceAnalysis.framework/Versions/A/PerformanceAnalysis
0x00000000082fb000 	/System/Library/PrivateFrameworks/GenerationalStorage.framework/Versions/A/GenerationalStorage
0x00000000082fb000 	/System/Library/Frameworks/OpenGL.framework/Versions/A/OpenGL
0x00000000082fb000 	/System/Library/PrivateFrameworks/Sharing.framework/Versions/A/Sharing
0x00000000082fb000 	/System/Library/Frameworks/CoreGraphics.framework/Versions/A/CoreGraphics
0x00000000082fb000 	/System/Library/Frameworks/CoreImage.framework/Versions/A/CoreImage
0x00000000082fb000 	/System/Library/Frameworks/CoreText.framework/Versions/A/CoreText
0x00000000082fb000 	/System/Library/Frameworks/ImageIO.framework/Versions/A/ImageIO
0x00000000082fb000 	/System/Library/PrivateFrameworks/Backup.framework/Versions/A/Backup
0x00000000082fb000 	/usr/lib/libextension.dylib
0x00000000082fb000 	/usr/lib/libarchive.2.dylib
0x00000000082fb000 	/System/Library/Frameworks/CFNetwork.framework/Versions/A/CFNetwork
0x00000000082fb000 	/System/Library/Frameworks/SystemConfiguration.framework/Versions/A/SystemConfiguration
0x00000000082fb000 	/usr/lib/libCRFSuite.dylib
0x00000000082fb000 	/usr/lib/libc++.1.dylib
0x00000000082fb000 	/usr/lib/libc++abi.dylib
0x00000000082fb000 	/usr/lib/system/libcache.dylib
0x00000000082fb000 	/usr/lib/system/libcommonCrypto.dylib
0x00000000082fb000 	/usr/lib/system/libcompiler_rt.dylib
0x00000000082fb000 	/usr/lib/system/libcopyfile.dylib
0x00000000082fb000 	/usr/lib/system/libcorecrypto.dylib
0x00000000082fb000 	/usr/lib/system/libdispatch.dylib
0x00000000082fb000 	/usr/lib/system/libdyld.dylib
0x00000000082fb000 	/usr/lib/system/libkeymgr.dylib
0x00000000082fb000 	/usr/lib/system/liblaunch.dylib
0x00000000082fb000 	/usr/lib/system/libmacho.dylib
0x00000000082fb000 	/usr/lib/system/libquarantine.dylib
0x00000000082fb000 	/usr/lib/system/libremovefile.dylib
0x00000000082fb000 	/usr/lib/system/libsystem_asl.dylib
0x00000000082fb000 	/usr/lib/system/libsystem_blocks.dylib
0x00000000082fb000 	/usr/lib/system/libsystem_c.dylib
0x00000000082fb000 	/usr/lib/system/libsystem_configuration.dylib
0x00000000082fb000 	/usr/lib/system/libsystem_coreservices.dylib
0x00000000082fb000 	/usr/lib/system/libsystem_coretls.dylib
0x00000000082fb000 	/usr/lib/system/libsystem_dnssd.dylib
0x00000000082fb000 	/usr/lib/system/libsystem_info.dylib
0x00000000082fb000 	/usr/lib/system/libsystem_kernel.dylib
0x00000000082fb000 	/usr/lib/system/libsystem_m.dylib
0x00000000082fb000 	/usr/lib/system/libsystem_malloc.dylib
0x00000000082fb000 	/usr/lib/system/libsystem_network.dylib
0x00000000082fb000 	/usr/lib/system/libsystem_networkextension.dylib
0x00000000082fb000 	/usr/lib/system/libsystem_notify.dylib
0x00000000082fb000 	/usr/lib/system/libsystem_platform.dylib
0x00000000082fb000 	/usr/lib/system/libsystem_pthread.dylib
0x00000000082fb000 	/usr/lib/system/libsystem_sandbox.dylib
0x00000000082fb000 	/usr/lib/system/libsystem_secinit.dylib
0x00000000082fb000 	/usr/lib/system/libsystem_trace.dylib
0x00000000082fb000 	/usr/lib/system/libunc.dylib
0x00000000082fb000 	/usr/lib/system/libunwind.dylib
0x00000000082fb000 	/usr/lib/system/libxpc.dylib
0x00000000082fb000 	/usr/lib/libenergytrace.dylib
0x00000000082fb000 	/usr/lib/libbsm.0.dylib
0x00000000082fb000 	/usr/lib/system/libkxld.dylib
0x00000000082fb000 	/usr/lib/libxar.1.dylib
0x00000000082fb000 	/usr/lib/libsqlite3.dylib
0x00000000082fb000 	/usr/lib/libpam.2.dylib
0x00000000082fb000 	/usr/lib/libOpenScriptingUtil.dylib
0x00000000082fb000 	/usr/lib/libbz2.1.0.dylib
0x00000000082fb000 	/usr/lib/liblzma.5.dylib
0x00000000082fb000 	/System/Library/Frameworks/CoreServices.framework/Versions/A/Frameworks/FSEvents.framework/Versions/A/FSEvents
0x00000000082fb000 	/System/Library/Frameworks/CoreServices.framework/Versions/A/Frameworks/CarbonCore.framework/Versions/A/CarbonCore
0x00000000082fb000 	/System/Library/Frameworks/CoreServices.framework/Versions/A/Frameworks/Metadata.framework/Versions/A/Metadata
0x00000000082fb000 	/System/Library/Frameworks/CoreServices.framework/Versions/A/Frameworks/OSServices.framework/Versions/A/OSServices
0x00000000082fb000 	/System/Library/Frameworks/CoreServices.framework/Versions/A/Frameworks/SearchKit.framework/Versions/A/SearchKit
0x00000000082fb000 	/System/Library/Frameworks/CoreServices.framework/Versions/A/Frameworks/AE.framework/Versions/A/AE
0x00000000082fb000 	/System/Library/Frameworks/CoreServices.framework/Versions/A/Frameworks/LaunchServices.framework/Versions/A/LaunchServices
0x00000000082fb000 	/System/Library/Frameworks/CoreServices.framework/Versions/A/Frameworks/DictionaryServices.framework/Versions/A/DictionaryServices
0x00000000082fb000 	/System/Library/Frameworks/CoreServices.framework/Versions/A/Frameworks/SharedFileList.framework/Versions/A/SharedFileList
0x00000000082fb000 	/System/Library/Frameworks/NetFS.framework/Versions/A/NetFS
0x00000000082fb000 	/System/Library/PrivateFrameworks/NetAuth.framework/Versions/A/NetAuth
0x00000000082fb000 	/System/Library/PrivateFrameworks/login.framework/Versions/A/Frameworks/loginsupport.framework/Versions/A/loginsupport
0x00000000082fb000 	/System/Library/PrivateFrameworks/TCC.framework/Versions/A/TCC
0x00000000082fb000 	/usr/lib/libmecabra.dylib
0x00000000082fb000 	/System/Library/Frameworks/ApplicationServices.framework/Versions/A/Frameworks/ATS.framework/Versions/A/ATS
0x00000000082fb000 	/System/Library/Frameworks/ApplicationServices.framework/Versions/A/Frameworks/ColorSync.framework/Versions/A/ColorSync
0x00000000082fb000 	/System/Library/Frameworks/ApplicationServices.framework/Versions/A/Frameworks/HIServices.framework/Versions/A/HIServices
0x00000000082fb000 	/System/Library/Frameworks/ApplicationServices.framework/Versions/A/Frameworks/LangAnalysis.framework/Versions/A/LangAnalysis
0x00000000082fb000 	/System/Library/Frameworks/ApplicationServices.framework/Versions/A/Frameworks/PrintCore.framework/Versions/A/PrintCore
0x00000000082fb000 	/System/Library/Frameworks/ApplicationServices.framework/Versions/A/Frameworks/QD.framework/Versions/A/QD
0x00000000082fb000 	/System/Library/Frameworks/ApplicationServices.framework/Versions/A/Frameworks/SpeechSynthesis.framework/Versions/A/SpeechSynthesis
0x00000000082fb000 	/System/Library/Frameworks/Metal.framework/Versions/A/Metal
0x00000000082fb000 	/System/Library/Frameworks/Accelerate.framework/Versions/A/Frameworks/vImage.framework/Versions/A/vImage
0x00000000082fb000 	/System/Library/Frameworks/Accelerate.framework/Versions/A/Frameworks/vecLib.framework/Versions/A/vecLib
0x00000000082fb000 	/System/Library/Frameworks/Accelerate.framework/Versions/A/Frameworks/vecLib.framework/Versions/A/libvDSP.dylib
0x00000000082fb000 	/System/Library/Frameworks/Accelerate.framework/Versions/A/Frameworks/vecLib.framework/Versions/A/libvMisc.dylib
0x00000000082fb000 	/System/Library/Frameworks/Accelerate.framework/Versions/A/Frameworks/vecLib.framework/Versions/A/libLAPACK.dylib
0x00000000082fb000 	/System/Library/Frameworks/Accelerate.framework/Versions/A/Frameworks/vecLib.framework/Versions/A/libBLAS.dylib
0x00000000082fb000 	/System/Library/Frameworks/Accelerate.framework/Versions/A/Frameworks/vecLib.framework/Versions/A/libLinearAlgebra.dylib
0x00000000082fb000 	/System/Library/Frameworks/Accelerate.framework/Versions/A/Frameworks/vecLib.framework/Versions/A/libSparseBLAS.dylib
0x00000000082fb000 	/System/Library/PrivateFrameworks/GPUCompiler.framework/libmetal_timestamp.dylib
0x00000000082fb000 	/System/Library/Frameworks/OpenGL.framework/Versions/A/Libraries/libCoreFSCache.dylib
0x00000000082fb000 	/System/Library/PrivateFrameworks/IOAccelerator.framework/Versions/A/IOAccelerator
0x00000000082fb000 	/System/Library/Frameworks/ApplicationServices.framework/Versions/A/Frameworks/ATS.framework/Versions/A/Resources/libFontParser.dylib
0x00000000082fb000 	/System/Library/Frameworks/ApplicationServices.framework/Versions/A/Frameworks/ATS.framework/Versions/A/Resources/libFontRegistry.dylib
0x00000000082fb000 	/System/Library/PrivateFrameworks/AppleVPA.framework/Versions/A/AppleVPA
0x00000000082fb000 	/System/Library/PrivateFrameworks/AppleJPEG.framework/Versions/A/AppleJPEG
0x00000000082fb000 	/System/Library/Frameworks/ImageIO.framework/Versions/A/Resources/libJPEG.dylib
0x00000000082fb000 	/System/Library/Frameworks/ImageIO.framework/Versions/A/Resources/libTIFF.dylib
0x00000000082fb000 	/System/Library/Frameworks/ImageIO.framework/Versions/A/Resources/libPng.dylib
0x00000000082fb000 	/System/Library/Frameworks/ImageIO.framework/Versions/A/Resources/libGIF.dylib
0x00000000082fb000 	/System/Library/Frameworks/ImageIO.framework/Versions/A/Resources/libJP2.dylib
0x00000000082fb000 	/System/Library/Frameworks/ImageIO.framework/Versions/A/Resources/libRadiance.dylib
0x00000000082fb000 	/System/Library/Frameworks/CoreVideo.framework/Versions/A/CoreVideo
0x00000000082fb000 	/System/Library/Frameworks/OpenGL.framework/Versions/A/Libraries/libGLU.dylib
0x00000000082fb000 	/System/Library/Frameworks/OpenGL.framework/Versions/A/Libraries/libGFXShared.dylib
0x00000000082fb000 	/System/Library/Frameworks/OpenGL.framework/Versions/A/Libraries/libGL.dylib
0x00000000082fb000 	/System/Library/Frameworks/OpenGL.framework/Versions/A/Libraries/libGLImage.dylib
0x00000000082fb000 	/System/Library/Frameworks/OpenGL.framework/Versions/A/Libraries/libCVMSPluginSupport.dylib
0x00000000082fb000 	/System/Library/Frameworks/OpenGL.framework/Versions/A/Libraries/libCoreVMClient.dylib
0x00000000082fb000 	/usr/lib/libcompression.dylib
0x00000000082fb000 	/usr/lib/libcups.2.dylib
0x00000000082fb000 	/System/Library/Frameworks/Kerberos.framework/Versions/A/Kerberos
0x00000000082fb000 	/System/Library/Frameworks/GSS.framework/Versions/A/GSS
0x00000000082fb000 	/usr/lib/libresolv.9.dylib
0x00000000082fb000 	/usr/lib/libiconv.2.dylib
0x00000000082fb000 	/System/Library/PrivateFrameworks/Heimdal.framework/Versions/A/Heimdal
0x00000000082fb000 	/usr/lib/libheimdal-asn1.dylib
0x00000000082fb000 	/System/Library/Frameworks/OpenDirectory.framework/Versions/A/OpenDirectory
0x00000000082fb000 	/System/Library/PrivateFrameworks/CommonAuth.framework/Versions/A/CommonAuth
0x00000000082fb000 	/System/Library/Frameworks/OpenDirectory.framework/Versions/A/Frameworks/CFOpenDirectory.framework/Versions/A/CFOpenDirectory
0x00000000082fb000 	/System/Library/Frameworks/SecurityFoundation.framework/Versions/A/SecurityFoundation
0x00000000082fb000 	/System/Library/PrivateFrameworks/LanguageModeling.framework/Versions/A/LanguageModeling
0x00000000082fb000 	/usr/lib/libmarisa.dylib
0x00000000082fb000 	/usr/lib/libChineseTokenizer.dylib
0x00000000082fb000 	/usr/lib/libcmph.dylib
0x00000000082fb000 	/System/Library/Frameworks/ServiceManagement.framework/Versions/A/ServiceManagement
0x00000000082fb000 	/usr/lib/libxslt.1.dylib
0x00000000082fb000 	/System/Library/Frameworks/Carbon.framework/Versions/A/Frameworks/Ink.framework/Versions/A/Ink
0x00000000082fb000 	/usr/lib/libFosl_dynamic.dylib
0x00000000082fb000 	/System/Library/PrivateFrameworks/FaceCore.framework/Versions/A/FaceCore
0x00000000082fb000 	/System/Library/Frameworks/OpenCL.framework/Versions/A/OpenCL
0x00000000082fb000 	/System/Library/PrivateFrameworks/CrashReporterSupport.framework/Versions/A/CrashReporterSupport
0x00000000082fb000 	/System/Library/PrivateFrameworks/IconServices.framework/Versions/A/IconServices
0x00000000082fb000 	/System/Library/PrivateFrameworks/Apple80211.framework/Versions/A/Apple80211
0x00000000082fb000 	/System/Library/Frameworks/CoreWLAN.framework/Versions/A/CoreWLAN
0x00000000082fb000 	/System/Library/Frameworks/IOBluetooth.framework/Versions/A/IOBluetooth
0x00000000082fb000 	/System/Library/PrivateFrameworks/CoreWiFi.framework/Versions/A/CoreWiFi
0x00000000082fb000 	/System/Library/Frameworks/CoreBluetooth.framework/Versions/A/CoreBluetooth
0x00000000082fb000 	/System/Library/PrivateFrameworks/ChunkingLibrary.framework/Versions/A/ChunkingLibrary
0x00000000082fb000 	/System/Library/PrivateFrameworks/DebugSymbols.framework/Versions/A/DebugSymbols
0x00000000082fb000 	/System/Library/PrivateFrameworks/CoreSymbolication.framework/Versions/A/CoreSymbolication
0x00000000082fb000 	/System/Library/PrivateFrameworks/Symbolication.framework/Versions/A/Symbolication
0x00000000082fb000 	/System/Library/PrivateFrameworks/SpeechRecognitionCore.framework/Versions/A/SpeechRecognitionCore
0x0000000101112000 	/Library/Java/JavaVirtualMachines/jdk1.8.0_101.jdk/Contents/Home/jre/lib/server/libjvm.dylib
0x00000000082fb000 	/usr/lib/libstdc++.6.dylib
0x00000001020af000 	/Library/Java/JavaVirtualMachines/jdk1.8.0_101.jdk/Contents/Home/jre/lib/libverify.dylib
0x00000001020bd000 	/Library/Java/JavaVirtualMachines/jdk1.8.0_101.jdk/Contents/Home/jre/lib/libjava.dylib
0x0000000102100000 	/Library/Java/JavaVirtualMachines/jdk1.8.0_101.jdk/Contents/Home/jre/lib/libzip.dylib
0x00000001152d2000 	/System/Library/Frameworks/JavaVM.framework/Frameworks/JavaRuntimeSupport.framework/JavaRuntimeSupport
0x00000001152ed000 	/System/Library/Frameworks/JavaVM.framework/Versions/A/Frameworks/JavaNativeFoundation.framework/Versions/A/JavaNativeFoundation
0x00000001021f2000 	/System/Library/Frameworks/JavaVM.framework/Versions/A/JavaVM
0x00000000082fb000 	/System/Library/Frameworks/Carbon.framework/Versions/A/Carbon
0x0000000115302000 	/System/Library/PrivateFrameworks/JavaLaunching.framework/Versions/A/JavaLaunching
0x00000000082fb000 	/System/Library/Frameworks/Carbon.framework/Versions/A/Frameworks/CommonPanels.framework/Versions/A/CommonPanels
0x00000000082fb000 	/System/Library/Frameworks/Carbon.framework/Versions/A/Frameworks/Help.framework/Versions/A/Help
0x00000000082fb000 	/System/Library/Frameworks/Carbon.framework/Versions/A/Frameworks/ImageCapture.framework/Versions/A/ImageCapture
0x00000000082fb000 	/System/Library/Frameworks/Carbon.framework/Versions/A/Frameworks/OpenScripting.framework/Versions/A/OpenScripting
0x00000000082fb000 	/System/Library/Frameworks/Carbon.framework/Versions/A/Frameworks/Print.framework/Versions/A/Print
0x00000000082fb000 	/System/Library/Frameworks/Carbon.framework/Versions/A/Frameworks/SecurityHI.framework/Versions/A/SecurityHI
0x0000000116c7d000 	/Library/Java/JavaVirtualMachines/jdk1.8.0_101.jdk/Contents/Home/jre/lib/libawt.dylib
0x0000000116d25000 	/Library/Java/JavaVirtualMachines/jdk1.8.0_101.jdk/Contents/Home/jre/lib/./libmlib_image.dylib
0x0000000116df1000 	/Library/Java/JavaVirtualMachines/jdk1.8.0_101.jdk/Contents/Home/jre/lib/libawt_lwawt.dylib
0x0000000116ea6000 	/Library/Java/JavaVirtualMachines/jdk1.8.0_101.jdk/Contents/Home/jre/lib/./libosxapp.dylib
0x00000000082fb000 	/System/Library/Frameworks/ExceptionHandling.framework/Versions/A/ExceptionHandling
0x00000000082fb000 	/System/Library/PrivateFrameworks/CoreServicesInternal.framework/Versions/A/CoreServicesInternal
0x00000000082fb000 	/System/Library/Frameworks/CoreGraphics.framework/Versions/A/Resources/libRIP.A.dylib
0x00000000082fb000 	/System/Library/Frameworks/Accelerate.framework/Versions/A/Frameworks/vImage.framework/Versions/A/Libraries/libCGInterfaces.dylib
0x00000000082fb000 	/System/Library/Frameworks/CoreGraphics.framework/Versions/A/Resources/libCGXType.A.dylib
0x00000000082fb000 	/System/Library/Frameworks/OpenCL.framework/Versions/A/Libraries/libcldcpuengine.dylib
0x00000000082fb000 	/System/Library/PrivateFrameworks/DiskImages.framework/Versions/A/DiskImages
0x00000000082fb000 	/System/Library/Frameworks/DiscRecording.framework/Versions/A/DiscRecording
0x00000000082fb000 	/usr/lib/libcsfde.dylib
0x00000000082fb000 	/usr/lib/libcurl.4.dylib
0x00000000082fb000 	/System/Library/PrivateFrameworks/MediaKit.framework/Versions/A/MediaKit
0x00000000082fb000 	/System/Library/PrivateFrameworks/ProtectedCloudStorage.framework/Versions/A/ProtectedCloudStorage
0x00000000082fb000 	/usr/lib/libCoreStorage.dylib
0x00000000082fb000 	/System/Library/PrivateFrameworks/EFILogin.framework/Versions/A/EFILogin
0x00000000082fb000 	/usr/lib/libutil.dylib
0x00000000082fb000 	/System/Library/PrivateFrameworks/FindMyDevice.framework/Versions/A/FindMyDevice
0x00000000082fb000 	/System/Library/Frameworks/LDAP.framework/Versions/A/LDAP
0x00000000082fb000 	/usr/lib/libsasl2.2.dylib
0x00000000082fb000 	/System/Library/PrivateFrameworks/CoreDaemon.framework/Versions/B/CoreDaemon
0x00000000082fb000 	/usr/lib/libcrypto.0.9.8.dylib
0x00000000082fb000 	/System/Library/PrivateFrameworks/AppleSRP.framework/Versions/A/AppleSRP
0x00000000082fb000 	/System/Library/PrivateFrameworks/TrustEvaluationAgent.framework/Versions/A/TrustEvaluationAgent
0x0000000118836000 	cl_kernels
0x00000000082fb000 	/System/Library/Frameworks/OpenCL.framework/Versions/A/Libraries/ImageFormats/unorm8_bgra.dylib
0x00000000082fb000 	/System/Library/Frameworks/OpenCL.framework/Versions/A/Libraries/ImageFormats/unorm8_rgba.dylib
0x00000000082fb000 	/System/Library/PrivateFrameworks/FamilyControls.framework/Versions/A/FamilyControls
0x00000000082fb000 	/System/Library/PrivateFrameworks/CommerceKit.framework/Versions/A/Frameworks/CommerceCore.framework/Versions/A/CommerceCore
0x00000000082fb000 	/System/Library/PrivateFrameworks/SystemAdministration.framework/Versions/A/SystemAdministration
0x00000000082fb000 	/System/Library/PrivateFrameworks/AppContainer.framework/Versions/A/AppContainer
0x00000000082fb000 	/System/Library/PrivateFrameworks/SecCodeWrapper.framework/Versions/A/SecCodeWrapper
0x00000000082fb000 	/System/Library/Frameworks/DirectoryService.framework/Versions/A/DirectoryService
0x00000000082fb000 	/System/Library/PrivateFrameworks/LoginUIKit.framework/Versions/A/Frameworks/LoginUICore.framework/Versions/A/LoginUICore
0x00000000082fb000 	/usr/lib/libodfde.dylib
0x00000001198f9000 	/Library/Java/JavaVirtualMachines/jdk1.8.0_101.jdk/Contents/Home/jre/lib/libfontmanager.dylib
0x0000000119960000 	/Users/tylercrabtree/git2/git/JIG/lib/lwjgl-2.9.0/native/macosx/liblwjgl.jnilib
0x0000000117d0e000 	/Library/Java/JavaVirtualMachines/jdk1.8.0_101.jdk/Contents/Home/jre/lib/libjawt.dylib
0x00000000082fb000 	/System/Library/Frameworks/OpenGL.framework/Versions/A/Resources/GLEngine.bundle/GLEngine
0x00000000082fb000 	/System/Library/Frameworks/OpenGL.framework/Versions/A/Libraries/libGLProgrammability.dylib
0x00000001199db000 	/System/Library/Extensions/GeForceTeslaGLDriver.bundle/Contents/MacOS/GeForceTeslaGLDriver
0x000000011b59b000 	/System/Library/Extensions/GeForceTeslaGLDriver.bundle/Contents/MacOS/libclh.dylib
0x00000000082fb000 	/System/Library/PrivateFrameworks/GPUSupport.framework/Versions/A/Libraries/libGPUSupport.dylib
0x00000000082fb000 	/System/Library/Frameworks/OpenGL.framework/Versions/A/Resources/GLRendererFloat.bundle/GLRendererFloat
0x0000000118830000 	/Users/tylercrabtree/git2/git/JIG/lib/lwjgl-2.9.0/native/macosx/libjinput-osx.jnilib
0x000000011cc10000 	/System/Library/Extensions/IOHIDFamily.kext/Contents/PlugIns/IOHIDLib.plugin/Contents/MacOS/IOHIDLib

VM Arguments:
jvm_args: -Djava.library.path=/Users/tylercrabtree/git2/git/JIG/lib/lwjgl-2.9.0/native/macosx:/Users/tylercrabtree/git2/git/JIG/lib/lwjgl-2.9.0/native/macosx -Dfile.encoding=UTF-8 
java_command: bman.BombermanGame
java_class_path (initial): /Users/tylercrabtree/Desktop/WorkBomb/Bomberman/bin:/Users/tylercrabtree/git2/git/JIG/jig/bin:/Users/tylercrabtree/git2/git/JIG/lib/slick.jar:/Users/tylercrabtree/git2/git/JIG/lib/lwjgl-2.9.0/jar/jinput.jar:/Users/tylercrabtree/git2/git/JIG/lib/lwjgl-2.9.0/jar/lwjgl.jar:/Users/tylercrabtree/git2/git/JIG/lib/jogg-0.0.7.jar:/Users/tylercrabtree/git2/git/JIG/lib/jorbis-0.0.15.jar
Launcher Type: SUN_STANDARD

Environment Variables:
PATH=/usr/bin:/bin:/usr/sbin:/sbin
SHELL=/bin/bash
DISPLAY=/private/tmp/com.apple.launchd.YOiC2D36Sf/org.macosforge.xquartz:0

Signal Handlers:
SIGSEGV: [libjvm.dylib+0x5af145], sa_mask[0]=11111111011111110111111111111111, sa_flags=SA_ONSTACK|SA_RESTART|SA_SIGINFO
SIGBUS: [libjvm.dylib+0x5af145], sa_mask[0]=11111111011111110111111111111111, sa_flags=SA_RESTART|SA_SIGINFO
SIGFPE: [libjvm.dylib+0x48694c], sa_mask[0]=11111111011111110111111111111111, sa_flags=SA_RESTART|SA_SIGINFO
SIGPIPE: [libjvm.dylib+0x48694c], sa_mask[0]=11111111011111110111111111111111, sa_flags=SA_RESTART|SA_SIGINFO
SIGXFSZ: [libjvm.dylib+0x48694c], sa_mask[0]=11111111011111110111111111111111, sa_flags=SA_RESTART|SA_SIGINFO
SIGILL: [libjvm.dylib+0x48694c], sa_mask[0]=11111111011111110111111111111111, sa_flags=SA_RESTART|SA_SIGINFO
SIGUSR1: SIG_DFL, sa_mask[0]=00000000000000000000000000000000, sa_flags=none
SIGUSR2: [libjvm.dylib+0x48646a], sa_mask[0]=00100000000000000000000000000000, sa_flags=SA_RESTART|SA_SIGINFO
SIGHUP: [libjvm.dylib+0x484a41], sa_mask[0]=11111111011111110111111111111111, sa_flags=SA_RESTART|SA_SIGINFO
SIGINT: [libjvm.dylib+0x484a41], sa_mask[0]=11111111011111110111111111111111, sa_flags=SA_RESTART|SA_SIGINFO
SIGTERM: [libjvm.dylib+0x484a41], sa_mask[0]=11111111011111110111111111111111, sa_flags=SA_RESTART|SA_SIGINFO
SIGQUIT: [libjvm.dylib+0x484a41], sa_mask[0]=11111111011111110111111111111111, sa_flags=SA_RESTART|SA_SIGINFO


---------------  S Y S T E M  ---------------

OS:Bsduname:Darwin 15.6.0 Darwin Kernel Version 15.6.0: Mon Aug 29 20:21:34 PDT 2016; root:xnu-3248.60.11~1/RELEASE_X86_64 x86_64
rlimit: STACK 8192k, CORE 0k, NPROC 709, NOFILE 10240, AS infinity
load average:2.45 2.04 2.36

CPU:total 2 (2 cores per cpu, 1 threads per core) family 6 model 23 stepping 10, cmov, cx8, fxsr, mmx, sse, sse2, sse3, ssse3, sse4.1, tsc

Memory: 4k page, physical 4194304k(16524k free)

/proc/meminfo:


vm_info: Java HotSpot(TM) 64-Bit Server VM (25.101-b13) for bsd-amd64 JRE (1.8.0_101-b13), built on Jun 22 2016 02:42:15 by "java_re" with gcc 4.2.1 (Based on Apple Inc. build 5658) (LLVM build 2336.11.00)

time: Sat Oct 22 22:09:51 2016
elapsed time: 41 seconds (0d 0h 0m 41s)

