#
# A fatal error has been detected by the Java Runtime Environment:
#
#  SIGSEGV (0xb) at pc=0x00007fff88a724dd, pid=3229, tid=0x0000000000000a0b
#
# JRE version: Java(TM) SE Runtime Environment (8.0_101-b13) (build 1.8.0_101-b13)
# Java VM: Java HotSpot(TM) 64-Bit Server VM (25.101-b13 mixed mode bsd-amd64 compressed oops)
# Problematic frame:
# C  [libobjc.A.dylib+0x14dd]  objc_msgSend+0x1d
#
# Failed to write core dump. Core dumps have been disabled. To enable core dumping, try "ulimit -c unlimited" before starting Java again
#
# If you would like to submit a bug report, please visit:
#   http://bugreport.java.com/bugreport/crash.jsp
# The crash happened outside the Java Virtual Machine in native code.
# See problematic frame for where to report the bug.
#

---------------  T H R E A D  ---------------

Current thread (0x00007fb5e1231800):  JavaThread "AppKit Thread" daemon [_thread_in_native, id=2571, stack(0x00007fff4fc70000,0x00007fff50470000)]

siginfo: si_signo: 11 (SIGSEGV), si_code: 1 (SEGV_MAPERR), si_addr: 0x0000000000000018

Registers:
RAX=0x00007fb5e05a88e0, RBX=0x00007fff5046af78, RCX=0x00007fb5e0739fc8, RDX=0x00007fb5e073c950
RSP=0x00007fff5046af38, RBP=0x00007fff5046af40, RSI=0x00007fff9818884a, RDI=0x00007fb5e05a88e0
R8 =0x000000000000001f, R9 =0x00007fb5e05da300, R10=0x00007fff9818884a, R11=0x0000000000000000
R12=0x00007fb5e073c950, R13=0x00007fb5e05da300, R14=0x00007fb5e0739fc0, R15=0x0000000000000000
RIP=0x00007fff88a724dd, EFLAGS=0x0000000000010246, ERR=0x0000000000000004
  TRAPNO=0x000000000000000e

Top of Stack: (sp=0x00007fff5046af38)
0x00007fff5046af38:   00007fff88663bbc 00007fff5046af60
0x00007fff5046af48:   00007fff88663b4f 0000000000000000
0x00007fff5046af58:   0000000000000000 00007fff5046afd0
0x00007fff5046af68:   00007fff88663ac7 00007fff5046afa0
0x00007fff5046af78:   00007fff768010a0 0000000042000000
0x00007fff5046af88:   00007fff88663b10 00007fff75e7f720
0x00007fff5046af98:   00007fb5e05da300 00007fb5e073c950
0x00007fff5046afa8:   00007fff5046b778 00007fff75fac780
0x00007fff5046afb8:   00007fff5046b778 00007fb5e05da300
0x00007fff5046afc8:   00007fff88a239e2 00007fff5046b010
0x00007fff5046afd8:   00007fff88663832 00007fff5046b5f0
0x00007fff5046afe8:   0000000000000001 00007fff75fac780
0x00007fff5046aff8:   00007fff5046b778 00007fff88a724c0
0x00007fff5046b008:   00007fff88a239e2 00007fff5046b720
0x00007fff5046b018:   00007fff886205e2 00007fb5e05c2b20
0x00007fff5046b028:   ffff804a1fa3d4e0 00007fff76089e80
0x00007fff5046b038:   00007fb5e04186d0 00007fb5e08090b8
0x00007fff5046b048:   00007fb5e05da020 0000000000000000
0x00007fff5046b058:   0000000000000000 0000000000000000
0x00007fff5046b068:   00007fb5e05dafb0 00007fff75ebcbc0
0x00007fff5046b078:   00007fff5046b5f0 0000000000000002
0x00007fff5046b088:   0000000000000100 00007fff5046b000
0x00007fff5046b098:   00007fff5046b4f0 0000000000000000
0x00007fff5046b0a8:   0000000000000100 00007fff5046b100
0x00007fff5046b0b8:   00007fff75fac780 0000000000000000
0x00007fff5046b0c8:   00007fff75e80500 00007fff75fac780
0x00007fff5046b0d8:   0000000000000000 00007fff75e80500
0x00007fff5046b0e8:   00007fff76089e80 00007fff5046b160
0x00007fff5046b0f8:   00007fff88a7a310 0000000000000000
0x00007fff5046b108:   00007fff7608bd10 0000000100000000
0x00007fff5046b118:   0000000000000000 ffff804a1fb883d0
0x00007fff5046b128:   00007fb5e049c920 00007fb5e049c9d0 

Instructions: (pc=0x00007fff88a724dd)
0x00007fff88a724bd:   44 00 00 48 85 ff 2e 74 62 40 f6 c7 01 2e 75 66
0x00007fff88a724cd:   49 bb f8 ff ff ff ff 7f 00 00 4c 23 1f 49 89 f2
0x00007fff88a724dd:   45 23 53 18 49 c1 e2 04 4d 03 53 10 49 3b 32 75
0x00007fff88a724ed:   04 41 ff 62 08 49 83 3a 01 76 0d 49 83 c2 10 49 

Register to memory mapping:

RAX=0x00007fb5e05a88e0 is an unknown value
RBX=0x00007fff5046af78 is pointing into the stack for thread: 0x00007fb5e1231800
RCX=0x00007fb5e0739fc8 is an unknown value
RDX=0x00007fb5e073c950 is an unknown value
RSP=0x00007fff5046af38 is pointing into the stack for thread: 0x00007fb5e1231800
RBP=0x00007fff5046af40 is pointing into the stack for thread: 0x00007fb5e1231800
RSI=0x00007fff9818884a: -[NSTitlebarContainerView transparent]+0x63088 in /System/Library/Frameworks/AppKit.framework/Versions/C/AppKit at 0x00007fff976fb000
RDI=0x00007fb5e05a88e0 is an unknown value
R8 =0x000000000000001f is an unknown value
R9 =0x00007fb5e05da300 is an unknown value
R10=0x00007fff9818884a: -[NSTitlebarContainerView transparent]+0x63088 in /System/Library/Frameworks/AppKit.framework/Versions/C/AppKit at 0x00007fff976fb000
R11=0x0000000000000000 is an unknown value
R12=0x00007fb5e073c950 is an unknown value
R13=0x00007fb5e05da300 is an unknown value
R14=0x00007fb5e0739fc0 is an unknown value
R15=0x0000000000000000 is an unknown value


Stack: [0x00007fff4fc70000,0x00007fff50470000],  sp=0x00007fff5046af38,  free space=8171k
Native frames: (J=compiled Java code, j=interpreted, Vv=VM code, C=native code)
C  [libobjc.A.dylib+0x14dd]  objc_msgSend+0x1d
C  [CoreFoundation+0xa0b4f]  ___CFXRegistrationPost_block_invoke+0x3f
C  [CoreFoundation+0xa0ac7]  _CFXRegistrationPost+0x197
C  [CoreFoundation+0xa0832]  ___CFXNotificationPost_block_invoke+0x32
C  [CoreFoundation+0x5d5e2]  -[_CFXNotificationRegistrar find:object:observer:enumerator:]+0x782
C  [CoreFoundation+0x5c835]  _CFXNotificationPost+0x2b5
C  [Foundation+0x717a]  -[NSNotificationCenter postNotificationName:object:userInfo:]+0x42
C  [AppKit+0x26526e]  -[NSSurface _disposeSurface]+0xa9
C  [AppKit+0x264cc7]  -[NSSurface setWindow:]+0x42
C  [AppKit+0x28ba7]  -[NSView _setWindow:]+0x9be
C  [AppKit+0x2b993]  -[NSView removeFromSuperview]+0x1d7
C  [AppKit+0x155c7b]  -[NSView removeFromSuperviewWithoutNeedingDisplay]+0x26
C  [liblwjgl.jnilib+0x936e]  +[MacOSXKeyableWindow destroyWindow]+0xde
C  [Foundation+0x76fde]  __NSThreadPerformPerform+0x117
C  [CoreFoundation+0xaa881]  __CFRUNLOOP_IS_CALLING_OUT_TO_A_SOURCE0_PERFORM_FUNCTION__+0x11
C  [CoreFoundation+0x89fbc]  __CFRunLoopDoSources0+0x22c
C  [CoreFoundation+0x894df]  __CFRunLoopRun+0x39f
C  [CoreFoundation+0x88ed8]  CFRunLoopRunSpecific+0x128
C  [HIToolbox+0x30935]  RunCurrentEventLoopInMode+0xeb
C  [HIToolbox+0x30677]  ReceiveNextEventCommon+0xb8
C  [HIToolbox+0x305af]  _BlockUntilNextEventMatchingListInModeWithFilter+0x47
C  [AppKit+0x48df6]  _DPSNextEvent+0x42b
C  [AppKit+0x48226]  -[NSApplication _nextEventMatchingEventMask:untilDate:inMode:dequeue:]+0x1c6
C  [libosxapp.dylib+0x23aa]  -[NSApplicationAWT nextEventMatchingMask:untilDate:inMode:dequeue:]+0x7c
C  [AppKit+0x3cd80]  -[NSApplication run]+0x2aa
C  [libosxapp.dylib+0x214d]  +[NSApplicationAWT runAWTLoopWithApp:]+0x9c
C  [libawt_lwawt.dylib+0x444b3]  -[AWTStarter starter:]+0x389
C  [Foundation+0x76fde]  __NSThreadPerformPerform+0x117
C  [CoreFoundation+0xaa881]  __CFRUNLOOP_IS_CALLING_OUT_TO_A_SOURCE0_PERFORM_FUNCTION__+0x11
C  [CoreFoundation+0x89fbc]  __CFRunLoopDoSources0+0x22c
C  [CoreFoundation+0x894df]  __CFRunLoopRun+0x39f
C  [CoreFoundation+0x88ed8]  CFRunLoopRunSpecific+0x128
C  [java+0x6465]  CreateExecutionEnvironment+0x367
C  [java+0x218c]  JLI_Launch+0x7a0
C  [java+0x84c2]  main+0x65
C  [java+0x19e4]  start+0x34
C  0x0000000000000006


---------------  P R O C E S S  ---------------

Java Threads: ( => current thread )
  0x00007fb5e0a23000 JavaThread "AWT-Shutdown" [_thread_blocked, id=25639, stack(0x0000700000eca000,0x0000700000fca000)]
=>0x00007fb5e1231800 JavaThread "AppKit Thread" daemon [_thread_in_native, id=2571, stack(0x00007fff4fc70000,0x00007fff50470000)]
  0x00007fb5e0891800 JavaThread "Service Thread" daemon [_thread_blocked, id=17155, stack(0x0000700000b3b000,0x0000700000c3b000)]
  0x00007fb5e1032000 JavaThread "C1 CompilerThread1" daemon [_thread_blocked, id=16643, stack(0x0000700000a38000,0x0000700000b38000)]
  0x00007fb5e083f800 JavaThread "C2 CompilerThread0" daemon [_thread_blocked, id=16131, stack(0x0000700000935000,0x0000700000a35000)]
  0x00007fb5e084d800 JavaThread "Signal Dispatcher" daemon [_thread_blocked, id=11791, stack(0x0000700000832000,0x0000700000932000)]
  0x00007fb5e1065800 JavaThread "Finalizer" daemon [_thread_blocked, id=11267, stack(0x0000700000629000,0x0000700000729000)]
  0x00007fb5e105d000 JavaThread "Reference Handler" daemon [_thread_blocked, id=10755, stack(0x0000700000526000,0x0000700000626000)]
  0x00007fb5e080e800 JavaThread "main" [_thread_in_native, id=5891, stack(0x000070000011a000,0x000070000021a000)]

Other Threads:
  0x00007fb5e1058800 VMThread [stack: 0x0000700000423000,0x0000700000523000] [id=10243]
  0x00007fb5e084e800 WatcherThread [stack: 0x0000700000c3e000,0x0000700000d3e000] [id=17667]

VM state:not at safepoint (normal execution)

VM Mutex/Monitor currently owned by a thread: None

Heap:
 PSYoungGen      total 18944K, used 10092K [0x00000007aab00000, 0x00000007ac000000, 0x00000007c0000000)
  eden space 16384K, 46% used [0x00000007aab00000,0x00000007ab25f158,0x00000007abb00000)
  from space 2560K, 99% used [0x00000007abb00000,0x00000007abd7c0c8,0x00000007abd80000)
  to   space 2560K, 0% used [0x00000007abd80000,0x00000007abd80000,0x00000007ac000000)
 ParOldGen       total 44032K, used 447K [0x0000000780000000, 0x0000000782b00000, 0x00000007aab00000)
  object space 44032K, 1% used [0x0000000780000000,0x000000078006fe30,0x0000000782b00000)
 Metaspace       used 7360K, capacity 7518K, committed 7808K, reserved 1056768K
  class space    used 726K, capacity 794K, committed 896K, reserved 1048576K

Card table byte_map: [0x00000001201c9000,0x00000001203ca000] byte_map_base: 0x000000011c5c9000

Marking Bits: (ParMarkBitMap*) 0x00000001102f9d20
 Begin Bits: [0x0000000120520000, 0x0000000121520000)
 End Bits:   [0x0000000121520000, 0x0000000122520000)

Polling page: 0x00000001109f0000

CodeCache: size=245760Kb used=3785Kb max_used=3800Kb free=241974Kb
 bounds [0x0000000110e09000, 0x00000001111c9000, 0x000000011fe09000]
 total_blobs=1305 nmethods=905 adapters=316
 compilation: enabled

Compilation events (10 events):
Event: 11.822 Thread 0x00007fb5e1032000 nmethod 900 0x00000001111bbdd0 code [0x00000001111bbf20, 0x00000001111bc050]
Event: 11.839 Thread 0x00007fb5e1032000  901       3       java.nio.Buffer::nextGetIndex (38 bytes)
Event: 11.840 Thread 0x00007fb5e1032000 nmethod 901 0x00000001111bb950 code [0x00000001111bbac0, 0x00000001111bbce8]
Event: 11.971 Thread 0x00007fb5e083f800  902       4       java.util.HashMap$HashIterator::<init> (79 bytes)
Event: 11.978 Thread 0x00007fb5e083f800 nmethod 902 0x00000001111b9e90 code [0x00000001111b9fe0, 0x00000001111ba2d8]
Event: 14.876 Thread 0x00007fb5e083f800  903       4       java.nio.DirectIntBufferU::get (16 bytes)
Event: 14.878 Thread 0x00007fb5e083f800 nmethod 903 0x00000001111b9bd0 code [0x00000001111b9d20, 0x00000001111b9dd8]
Event: 14.914 Thread 0x00007fb5e083f800  904  s    4       sun.misc.URLClassPath::getNextLoader (88 bytes)
Event: 14.915 Thread 0x00007fb5e1032000  905   !   3       org.lwjgl.input.Keyboard::isCreated (17 bytes)
Event: 14.915 Thread 0x00007fb5e1032000 nmethod 905 0x00000001111bb490 code [0x00000001111bb600, 0x00000001111bb870]

GC Heap History (2 events):
Event: 5.077 GC heap before
{Heap before GC invocations=1 (full 0):
 PSYoungGen      total 18944K, used 16384K [0x00000007aab00000, 0x00000007ac000000, 0x00000007c0000000)
  eden space 16384K, 100% used [0x00000007aab00000,0x00000007abb00000,0x00000007abb00000)
  from space 2560K, 0% used [0x00000007abd80000,0x00000007abd80000,0x00000007ac000000)
  to   space 2560K, 0% used [0x00000007abb00000,0x00000007abb00000,0x00000007abd80000)
 ParOldGen       total 44032K, used 0K [0x0000000780000000, 0x0000000782b00000, 0x00000007aab00000)
  object space 44032K, 0% used [0x0000000780000000,0x0000000780000000,0x0000000782b00000)
 Metaspace       used 7233K, capacity 7390K, committed 7552K, reserved 1056768K
  class space    used 725K, capacity 794K, committed 896K, reserved 1048576K
Event: 5.087 GC heap after
Heap after GC invocations=1 (full 0):
 PSYoungGen      total 18944K, used 2544K [0x00000007aab00000, 0x00000007ac000000, 0x00000007c0000000)
  eden space 16384K, 0% used [0x00000007aab00000,0x00000007aab00000,0x00000007abb00000)
  from space 2560K, 99% used [0x00000007abb00000,0x00000007abd7c0c8,0x00000007abd80000)
  to   space 2560K, 0% used [0x00000007abd80000,0x00000007abd80000,0x00000007ac000000)
 ParOldGen       total 44032K, used 447K [0x0000000780000000, 0x0000000782b00000, 0x00000007aab00000)
  object space 44032K, 1% used [0x0000000780000000,0x000000078006fe30,0x0000000782b00000)
 Metaspace       used 7233K, capacity 7390K, committed 7552K, reserved 1056768K
  class space    used 725K, capacity 794K, committed 896K, reserved 1048576K
}

Deoptimization events (4 events):
Event: 0.394 Thread 0x00007fb5e080e800 Uncommon trap: reason=unstable_if action=reinterpret pc=0x0000000110f40080 method=java.lang.String.indexOf(II)I @ 49
Event: 1.471 Thread 0x00007fb5e080e800 Uncommon trap: reason=unstable_if action=reinterpret pc=0x0000000110fa58e8 method=java.lang.String.replace(CC)Ljava/lang/String; @ 26
Event: 4.910 Thread 0x00007fb5e080e800 Uncommon trap: reason=unstable_if action=reinterpret pc=0x000000011110aae8 method=org.newdawn.slick.util.FastTrig.reduceSinAngle(D)D @ 16
Event: 4.910 Thread 0x00007fb5e080e800 Uncommon trap: reason=unstable_if action=reinterpret pc=0x00000001110f27d8 method=org.newdawn.slick.util.FastTrig.reduceSinAngle(D)D @ 33

Internal exceptions (10 events):
Event: 0.237 Thread 0x00007fb5e080e800 Exception <a 'java/security/PrivilegedActionException'> (0x00000007aac0dad8) thrown at [/HUDSON3/workspace/8-2-build-macosx-x86_64/jdk8u101/7261/hotspot/src/share/vm/prims/jvm.cpp, line 1386]
Event: 0.354 Thread 0x00007fb5e080e800 Exception <a 'java/security/PrivilegedActionException'> (0x00000007aad82660) thrown at [/HUDSON3/workspace/8-2-build-macosx-x86_64/jdk8u101/7261/hotspot/src/share/vm/prims/jvm.cpp, line 1386]
Event: 0.354 Thread 0x00007fb5e080e800 Exception <a 'java/security/PrivilegedActionException'> (0x00000007aad82870) thrown at [/HUDSON3/workspace/8-2-build-macosx-x86_64/jdk8u101/7261/hotspot/src/share/vm/prims/jvm.cpp, line 1386]
Event: 0.354 Thread 0x00007fb5e080e800 Exception <a 'java/security/PrivilegedActionException'> (0x00000007aad85d60) thrown at [/HUDSON3/workspace/8-2-build-macosx-x86_64/jdk8u101/7261/hotspot/src/share/vm/prims/jvm.cpp, line 1386]
Event: 0.354 Thread 0x00007fb5e080e800 Exception <a 'java/security/PrivilegedActionException'> (0x00000007aad85f70) thrown at [/HUDSON3/workspace/8-2-build-macosx-x86_64/jdk8u101/7261/hotspot/src/share/vm/prims/jvm.cpp, line 1386]
Event: 0.461 Thread 0x00007fb5e080e800 Exception <a 'java/lang/NoSuchFieldError': method resolution failed> (0x00000007aae553e8) thrown at [/HUDSON3/workspace/8-2-build-macosx-x86_64/jdk8u101/7261/hotspot/src/share/vm/prims/methodHandles.cpp, line 1146]
Event: 0.465 Thread 0x00007fb5e080e800 Exception <a 'java/lang/NoSuchFieldError': method resolution failed> (0x00000007aae62b38) thrown at [/HUDSON3/workspace/8-2-build-macosx-x86_64/jdk8u101/7261/hotspot/src/share/vm/prims/methodHandles.cpp, line 1146]
Event: 0.854 Thread 0x00007fb5e080e800 Exception <a 'java/io/FileNotFoundException'> (0x00000007aaedd7d8) thrown at [/HUDSON3/workspace/8-2-build-macosx-x86_64/jdk8u101/7261/hotspot/src/share/vm/prims/jni.cpp, line 709]
Event: 0.854 Thread 0x00007fb5e080e800 Exception <a 'java/io/FileNotFoundException'> (0x00000007aaede380) thrown at [/HUDSON3/workspace/8-2-build-macosx-x86_64/jdk8u101/7261/hotspot/src/share/vm/prims/jni.cpp, line 709]
Event: 0.884 Thread 0x00007fb5e080e800 Exception <a 'java/lang/UnsatisfiedLinkError'> (0x00000007aaf3f5f8) thrown at [/HUDSON3/workspace/8-2-build-macosx-x86_64/jdk8u101/7261/hotspot/src/share/vm/prims/jvm.cpp, line 1390]

Events (10 events):
Event: 4.910 Thread 0x00007fb5e080e800 Uncommon trap: trap_request=0xffffff65 fr.pc=0x000000011110aae8
Event: 4.910 Thread 0x00007fb5e080e800 DEOPT PACKING pc=0x000000011110aae8 sp=0x00007000002195d0
Event: 4.910 Thread 0x00007fb5e080e800 DEOPT UNPACKING pc=0x0000000110e0df69 sp=0x00007000002194c8 mode 2
Event: 4.910 Thread 0x00007fb5e080e800 Uncommon trap: trap_request=0xffffff65 fr.pc=0x00000001110f27d8
Event: 4.910 Thread 0x00007fb5e080e800 DEOPT PACKING pc=0x00000001110f27d8 sp=0x00007000002195d0
Event: 4.910 Thread 0x00007fb5e080e800 DEOPT UNPACKING pc=0x0000000110e0df69 sp=0x0000700000219528 mode 2
Event: 5.077 Executing VM operation: ParallelGCFailedAllocation
Event: 5.087 Executing VM operation: ParallelGCFailedAllocation done
Event: 14.913 loading class org/lwjgl/opengl/CallbackUtil
Event: 14.913 loading class org/lwjgl/opengl/CallbackUtil done


Dynamic libraries:
0x0000000005ac0000 	/System/Library/Frameworks/Cocoa.framework/Versions/A/Cocoa
0x0000000005ac0000 	/System/Library/Frameworks/Security.framework/Versions/A/Security
0x0000000005ac0000 	/System/Library/Frameworks/ApplicationServices.framework/Versions/A/ApplicationServices
0x0000000005ac0000 	/usr/lib/libz.1.dylib
0x0000000005ac0000 	/usr/lib/libSystem.B.dylib
0x0000000005ac0000 	/usr/lib/libobjc.A.dylib
0x0000000005ac0000 	/System/Library/Frameworks/CoreFoundation.framework/Versions/A/CoreFoundation
0x0000000005ac0000 	/System/Library/Frameworks/Foundation.framework/Versions/C/Foundation
0x0000000005ac0000 	/System/Library/Frameworks/AppKit.framework/Versions/C/AppKit
0x0000000005ac0000 	/System/Library/Frameworks/CoreData.framework/Versions/A/CoreData
0x0000000005ac0000 	/System/Library/PrivateFrameworks/RemoteViewServices.framework/Versions/A/RemoteViewServices
0x0000000005ac0000 	/System/Library/PrivateFrameworks/UIFoundation.framework/Versions/A/UIFoundation
0x0000000005ac0000 	/usr/lib/libScreenReader.dylib
0x0000000005ac0000 	/System/Library/Frameworks/Accelerate.framework/Versions/A/Accelerate
0x0000000005ac0000 	/System/Library/Frameworks/IOSurface.framework/Versions/A/IOSurface
0x0000000005ac0000 	/System/Library/Frameworks/AudioToolbox.framework/Versions/A/AudioToolbox
0x0000000005ac0000 	/System/Library/Frameworks/AudioUnit.framework/Versions/A/AudioUnit
0x0000000005ac0000 	/System/Library/PrivateFrameworks/DataDetectorsCore.framework/Versions/A/DataDetectorsCore
0x0000000005ac0000 	/System/Library/PrivateFrameworks/DesktopServicesPriv.framework/Versions/A/DesktopServicesPriv
0x0000000005ac0000 	/System/Library/Frameworks/Carbon.framework/Versions/A/Frameworks/HIToolbox.framework/Versions/A/HIToolbox
0x0000000005ac0000 	/System/Library/Frameworks/QuartzCore.framework/Versions/A/QuartzCore
0x0000000005ac0000 	/System/Library/Frameworks/Carbon.framework/Versions/A/Frameworks/SpeechRecognition.framework/Versions/A/SpeechRecognition
0x0000000005ac0000 	/usr/lib/libauto.dylib
0x0000000005ac0000 	/usr/lib/libicucore.A.dylib
0x0000000005ac0000 	/usr/lib/libxml2.2.dylib
0x0000000005ac0000 	/System/Library/PrivateFrameworks/CoreUI.framework/Versions/A/CoreUI
0x0000000005ac0000 	/System/Library/Frameworks/CoreAudio.framework/Versions/A/CoreAudio
0x0000000005ac0000 	/System/Library/Frameworks/DiskArbitration.framework/Versions/A/DiskArbitration
0x0000000005ac0000 	/usr/lib/liblangid.dylib
0x0000000005ac0000 	/System/Library/PrivateFrameworks/MultitouchSupport.framework/Versions/A/MultitouchSupport
0x0000000005ac0000 	/System/Library/Frameworks/IOKit.framework/Versions/A/IOKit
0x0000000005ac0000 	/usr/lib/libDiagnosticMessagesClient.dylib
0x0000000005ac0000 	/System/Library/Frameworks/CoreServices.framework/Versions/A/CoreServices
0x0000000005ac0000 	/System/Library/PrivateFrameworks/PerformanceAnalysis.framework/Versions/A/PerformanceAnalysis
0x0000000005ac0000 	/System/Library/PrivateFrameworks/GenerationalStorage.framework/Versions/A/GenerationalStorage
0x0000000005ac0000 	/System/Library/Frameworks/OpenGL.framework/Versions/A/OpenGL
0x0000000005ac0000 	/System/Library/PrivateFrameworks/Sharing.framework/Versions/A/Sharing
0x0000000005ac0000 	/System/Library/Frameworks/CoreGraphics.framework/Versions/A/CoreGraphics
0x0000000005ac0000 	/System/Library/Frameworks/CoreImage.framework/Versions/A/CoreImage
0x0000000005ac0000 	/System/Library/Frameworks/CoreText.framework/Versions/A/CoreText
0x0000000005ac0000 	/System/Library/Frameworks/ImageIO.framework/Versions/A/ImageIO
0x0000000005ac0000 	/System/Library/PrivateFrameworks/Backup.framework/Versions/A/Backup
0x0000000005ac0000 	/usr/lib/libextension.dylib
0x0000000005ac0000 	/usr/lib/libarchive.2.dylib
0x0000000005ac0000 	/System/Library/Frameworks/CFNetwork.framework/Versions/A/CFNetwork
0x0000000005ac0000 	/System/Library/Frameworks/SystemConfiguration.framework/Versions/A/SystemConfiguration
0x0000000005ac0000 	/usr/lib/libCRFSuite.dylib
0x0000000005ac0000 	/usr/lib/libc++.1.dylib
0x0000000005ac0000 	/usr/lib/libc++abi.dylib
0x0000000005ac0000 	/usr/lib/system/libcache.dylib
0x0000000005ac0000 	/usr/lib/system/libcommonCrypto.dylib
0x0000000005ac0000 	/usr/lib/system/libcompiler_rt.dylib
0x0000000005ac0000 	/usr/lib/system/libcopyfile.dylib
0x0000000005ac0000 	/usr/lib/system/libcorecrypto.dylib
0x0000000005ac0000 	/usr/lib/system/libdispatch.dylib
0x0000000005ac0000 	/usr/lib/system/libdyld.dylib
0x0000000005ac0000 	/usr/lib/system/libkeymgr.dylib
0x0000000005ac0000 	/usr/lib/system/liblaunch.dylib
0x0000000005ac0000 	/usr/lib/system/libmacho.dylib
0x0000000005ac0000 	/usr/lib/system/libquarantine.dylib
0x0000000005ac0000 	/usr/lib/system/libremovefile.dylib
0x0000000005ac0000 	/usr/lib/system/libsystem_asl.dylib
0x0000000005ac0000 	/usr/lib/system/libsystem_blocks.dylib
0x0000000005ac0000 	/usr/lib/system/libsystem_c.dylib
0x0000000005ac0000 	/usr/lib/system/libsystem_configuration.dylib
0x0000000005ac0000 	/usr/lib/system/libsystem_coreservices.dylib
0x0000000005ac0000 	/usr/lib/system/libsystem_coretls.dylib
0x0000000005ac0000 	/usr/lib/system/libsystem_dnssd.dylib
0x0000000005ac0000 	/usr/lib/system/libsystem_info.dylib
0x0000000005ac0000 	/usr/lib/system/libsystem_kernel.dylib
0x0000000005ac0000 	/usr/lib/system/libsystem_m.dylib
0x0000000005ac0000 	/usr/lib/system/libsystem_malloc.dylib
0x0000000005ac0000 	/usr/lib/system/libsystem_network.dylib
0x0000000005ac0000 	/usr/lib/system/libsystem_networkextension.dylib
0x0000000005ac0000 	/usr/lib/system/libsystem_notify.dylib
0x0000000005ac0000 	/usr/lib/system/libsystem_platform.dylib
0x0000000005ac0000 	/usr/lib/system/libsystem_pthread.dylib
0x0000000005ac0000 	/usr/lib/system/libsystem_sandbox.dylib
0x0000000005ac0000 	/usr/lib/system/libsystem_secinit.dylib
0x0000000005ac0000 	/usr/lib/system/libsystem_trace.dylib
0x0000000005ac0000 	/usr/lib/system/libunc.dylib
0x0000000005ac0000 	/usr/lib/system/libunwind.dylib
0x0000000005ac0000 	/usr/lib/system/libxpc.dylib
0x0000000005ac0000 	/usr/lib/libenergytrace.dylib
0x0000000005ac0000 	/usr/lib/libbsm.0.dylib
0x0000000005ac0000 	/usr/lib/system/libkxld.dylib
0x0000000005ac0000 	/usr/lib/libxar.1.dylib
0x0000000005ac0000 	/usr/lib/libsqlite3.dylib
0x0000000005ac0000 	/usr/lib/libpam.2.dylib
0x0000000005ac0000 	/usr/lib/libOpenScriptingUtil.dylib
0x0000000005ac0000 	/usr/lib/libbz2.1.0.dylib
0x0000000005ac0000 	/usr/lib/liblzma.5.dylib
0x0000000005ac0000 	/System/Library/Frameworks/CoreServices.framework/Versions/A/Frameworks/FSEvents.framework/Versions/A/FSEvents
0x0000000005ac0000 	/System/Library/Frameworks/CoreServices.framework/Versions/A/Frameworks/CarbonCore.framework/Versions/A/CarbonCore
0x0000000005ac0000 	/System/Library/Frameworks/CoreServices.framework/Versions/A/Frameworks/Metadata.framework/Versions/A/Metadata
0x0000000005ac0000 	/System/Library/Frameworks/CoreServices.framework/Versions/A/Frameworks/OSServices.framework/Versions/A/OSServices
0x0000000005ac0000 	/System/Library/Frameworks/CoreServices.framework/Versions/A/Frameworks/SearchKit.framework/Versions/A/SearchKit
0x0000000005ac0000 	/System/Library/Frameworks/CoreServices.framework/Versions/A/Frameworks/AE.framework/Versions/A/AE
0x0000000005ac0000 	/System/Library/Frameworks/CoreServices.framework/Versions/A/Frameworks/LaunchServices.framework/Versions/A/LaunchServices
0x0000000005ac0000 	/System/Library/Frameworks/CoreServices.framework/Versions/A/Frameworks/DictionaryServices.framework/Versions/A/DictionaryServices
0x0000000005ac0000 	/System/Library/Frameworks/CoreServices.framework/Versions/A/Frameworks/SharedFileList.framework/Versions/A/SharedFileList
0x0000000005ac0000 	/System/Library/Frameworks/NetFS.framework/Versions/A/NetFS
0x0000000005ac0000 	/System/Library/PrivateFrameworks/NetAuth.framework/Versions/A/NetAuth
0x0000000005ac0000 	/System/Library/PrivateFrameworks/login.framework/Versions/A/Frameworks/loginsupport.framework/Versions/A/loginsupport
0x0000000005ac0000 	/System/Library/PrivateFrameworks/TCC.framework/Versions/A/TCC
0x0000000005ac0000 	/usr/lib/libmecabra.dylib
0x0000000005ac0000 	/System/Library/Frameworks/ApplicationServices.framework/Versions/A/Frameworks/ATS.framework/Versions/A/ATS
0x0000000005ac0000 	/System/Library/Frameworks/ApplicationServices.framework/Versions/A/Frameworks/ColorSync.framework/Versions/A/ColorSync
0x0000000005ac0000 	/System/Library/Frameworks/ApplicationServices.framework/Versions/A/Frameworks/HIServices.framework/Versions/A/HIServices
0x0000000005ac0000 	/System/Library/Frameworks/ApplicationServices.framework/Versions/A/Frameworks/LangAnalysis.framework/Versions/A/LangAnalysis
0x0000000005ac0000 	/System/Library/Frameworks/ApplicationServices.framework/Versions/A/Frameworks/PrintCore.framework/Versions/A/PrintCore
0x0000000005ac0000 	/System/Library/Frameworks/ApplicationServices.framework/Versions/A/Frameworks/QD.framework/Versions/A/QD
0x0000000005ac0000 	/System/Library/Frameworks/ApplicationServices.framework/Versions/A/Frameworks/SpeechSynthesis.framework/Versions/A/SpeechSynthesis
0x0000000005ac0000 	/System/Library/Frameworks/Metal.framework/Versions/A/Metal
0x0000000005ac0000 	/System/Library/Frameworks/Accelerate.framework/Versions/A/Frameworks/vImage.framework/Versions/A/vImage
0x0000000005ac0000 	/System/Library/Frameworks/Accelerate.framework/Versions/A/Frameworks/vecLib.framework/Versions/A/vecLib
0x0000000005ac0000 	/System/Library/Frameworks/Accelerate.framework/Versions/A/Frameworks/vecLib.framework/Versions/A/libvDSP.dylib
0x0000000005ac0000 	/System/Library/Frameworks/Accelerate.framework/Versions/A/Frameworks/vecLib.framework/Versions/A/libvMisc.dylib
0x0000000005ac0000 	/System/Library/Frameworks/Accelerate.framework/Versions/A/Frameworks/vecLib.framework/Versions/A/libLAPACK.dylib
0x0000000005ac0000 	/System/Library/Frameworks/Accelerate.framework/Versions/A/Frameworks/vecLib.framework/Versions/A/libBLAS.dylib
0x0000000005ac0000 	/System/Library/Frameworks/Accelerate.framework/Versions/A/Frameworks/vecLib.framework/Versions/A/libLinearAlgebra.dylib
0x0000000005ac0000 	/System/Library/Frameworks/Accelerate.framework/Versions/A/Frameworks/vecLib.framework/Versions/A/libSparseBLAS.dylib
0x0000000005ac0000 	/System/Library/PrivateFrameworks/GPUCompiler.framework/libmetal_timestamp.dylib
0x0000000005ac0000 	/System/Library/Frameworks/OpenGL.framework/Versions/A/Libraries/libCoreFSCache.dylib
0x0000000005ac0000 	/System/Library/PrivateFrameworks/IOAccelerator.framework/Versions/A/IOAccelerator
0x0000000005ac0000 	/System/Library/Frameworks/ApplicationServices.framework/Versions/A/Frameworks/ATS.framework/Versions/A/Resources/libFontParser.dylib
0x0000000005ac0000 	/System/Library/Frameworks/ApplicationServices.framework/Versions/A/Frameworks/ATS.framework/Versions/A/Resources/libFontRegistry.dylib
0x0000000005ac0000 	/System/Library/PrivateFrameworks/AppleVPA.framework/Versions/A/AppleVPA
0x0000000005ac0000 	/System/Library/PrivateFrameworks/AppleJPEG.framework/Versions/A/AppleJPEG
0x0000000005ac0000 	/System/Library/Frameworks/ImageIO.framework/Versions/A/Resources/libJPEG.dylib
0x0000000005ac0000 	/System/Library/Frameworks/ImageIO.framework/Versions/A/Resources/libTIFF.dylib
0x0000000005ac0000 	/System/Library/Frameworks/ImageIO.framework/Versions/A/Resources/libPng.dylib
0x0000000005ac0000 	/System/Library/Frameworks/ImageIO.framework/Versions/A/Resources/libGIF.dylib
0x0000000005ac0000 	/System/Library/Frameworks/ImageIO.framework/Versions/A/Resources/libJP2.dylib
0x0000000005ac0000 	/System/Library/Frameworks/ImageIO.framework/Versions/A/Resources/libRadiance.dylib
0x0000000005ac0000 	/System/Library/Frameworks/CoreVideo.framework/Versions/A/CoreVideo
0x0000000005ac0000 	/System/Library/Frameworks/OpenGL.framework/Versions/A/Libraries/libGLU.dylib
0x0000000005ac0000 	/System/Library/Frameworks/OpenGL.framework/Versions/A/Libraries/libGFXShared.dylib
0x0000000005ac0000 	/System/Library/Frameworks/OpenGL.framework/Versions/A/Libraries/libGL.dylib
0x0000000005ac0000 	/System/Library/Frameworks/OpenGL.framework/Versions/A/Libraries/libGLImage.dylib
0x0000000005ac0000 	/System/Library/Frameworks/OpenGL.framework/Versions/A/Libraries/libCVMSPluginSupport.dylib
0x0000000005ac0000 	/System/Library/Frameworks/OpenGL.framework/Versions/A/Libraries/libCoreVMClient.dylib
0x0000000005ac0000 	/usr/lib/libcompression.dylib
0x0000000005ac0000 	/usr/lib/libcups.2.dylib
0x0000000005ac0000 	/System/Library/Frameworks/Kerberos.framework/Versions/A/Kerberos
0x0000000005ac0000 	/System/Library/Frameworks/GSS.framework/Versions/A/GSS
0x0000000005ac0000 	/usr/lib/libresolv.9.dylib
0x0000000005ac0000 	/usr/lib/libiconv.2.dylib
0x0000000005ac0000 	/System/Library/PrivateFrameworks/Heimdal.framework/Versions/A/Heimdal
0x0000000005ac0000 	/usr/lib/libheimdal-asn1.dylib
0x0000000005ac0000 	/System/Library/Frameworks/OpenDirectory.framework/Versions/A/OpenDirectory
0x0000000005ac0000 	/System/Library/PrivateFrameworks/CommonAuth.framework/Versions/A/CommonAuth
0x0000000005ac0000 	/System/Library/Frameworks/OpenDirectory.framework/Versions/A/Frameworks/CFOpenDirectory.framework/Versions/A/CFOpenDirectory
0x0000000005ac0000 	/System/Library/Frameworks/SecurityFoundation.framework/Versions/A/SecurityFoundation
0x0000000005ac0000 	/System/Library/PrivateFrameworks/LanguageModeling.framework/Versions/A/LanguageModeling
0x0000000005ac0000 	/usr/lib/libmarisa.dylib
0x0000000005ac0000 	/usr/lib/libChineseTokenizer.dylib
0x0000000005ac0000 	/usr/lib/libcmph.dylib
0x0000000005ac0000 	/System/Library/Frameworks/ServiceManagement.framework/Versions/A/ServiceManagement
0x0000000005ac0000 	/usr/lib/libxslt.1.dylib
0x0000000005ac0000 	/System/Library/Frameworks/Carbon.framework/Versions/A/Frameworks/Ink.framework/Versions/A/Ink
0x0000000005ac0000 	/usr/lib/libFosl_dynamic.dylib
0x0000000005ac0000 	/System/Library/PrivateFrameworks/FaceCore.framework/Versions/A/FaceCore
0x0000000005ac0000 	/System/Library/Frameworks/OpenCL.framework/Versions/A/OpenCL
0x0000000005ac0000 	/System/Library/PrivateFrameworks/CrashReporterSupport.framework/Versions/A/CrashReporterSupport
0x0000000005ac0000 	/System/Library/PrivateFrameworks/IconServices.framework/Versions/A/IconServices
0x0000000005ac0000 	/System/Library/PrivateFrameworks/Apple80211.framework/Versions/A/Apple80211
0x0000000005ac0000 	/System/Library/Frameworks/CoreWLAN.framework/Versions/A/CoreWLAN
0x0000000005ac0000 	/System/Library/Frameworks/IOBluetooth.framework/Versions/A/IOBluetooth
0x0000000005ac0000 	/System/Library/PrivateFrameworks/CoreWiFi.framework/Versions/A/CoreWiFi
0x0000000005ac0000 	/System/Library/Frameworks/CoreBluetooth.framework/Versions/A/CoreBluetooth
0x0000000005ac0000 	/System/Library/PrivateFrameworks/ChunkingLibrary.framework/Versions/A/ChunkingLibrary
0x0000000005ac0000 	/System/Library/PrivateFrameworks/DebugSymbols.framework/Versions/A/DebugSymbols
0x0000000005ac0000 	/System/Library/PrivateFrameworks/CoreSymbolication.framework/Versions/A/CoreSymbolication
0x0000000005ac0000 	/System/Library/PrivateFrameworks/Symbolication.framework/Versions/A/Symbolication
0x0000000005ac0000 	/System/Library/PrivateFrameworks/SpeechRecognitionCore.framework/Versions/A/SpeechRecognitionCore
0x000000010fa0c000 	/Library/Java/JavaVirtualMachines/jdk1.8.0_101.jdk/Contents/Home/jre/lib/server/libjvm.dylib
0x0000000005ac0000 	/usr/lib/libstdc++.6.dylib
0x00000001109ad000 	/Library/Java/JavaVirtualMachines/jdk1.8.0_101.jdk/Contents/Home/jre/lib/libverify.dylib
0x00000001109bb000 	/Library/Java/JavaVirtualMachines/jdk1.8.0_101.jdk/Contents/Home/jre/lib/libjava.dylib
0x0000000110e00000 	/Library/Java/JavaVirtualMachines/jdk1.8.0_101.jdk/Contents/Home/jre/lib/libzip.dylib
0x0000000123bc3000 	/System/Library/Frameworks/JavaVM.framework/Frameworks/JavaRuntimeSupport.framework/JavaRuntimeSupport
0x0000000123bde000 	/System/Library/Frameworks/JavaVM.framework/Versions/A/Frameworks/JavaNativeFoundation.framework/Versions/A/JavaNativeFoundation
0x0000000123bf3000 	/System/Library/Frameworks/JavaVM.framework/Versions/A/JavaVM
0x0000000005ac0000 	/System/Library/Frameworks/Carbon.framework/Versions/A/Carbon
0x0000000123c00000 	/System/Library/PrivateFrameworks/JavaLaunching.framework/Versions/A/JavaLaunching
0x0000000005ac0000 	/System/Library/Frameworks/Carbon.framework/Versions/A/Frameworks/CommonPanels.framework/Versions/A/CommonPanels
0x0000000005ac0000 	/System/Library/Frameworks/Carbon.framework/Versions/A/Frameworks/Help.framework/Versions/A/Help
0x0000000005ac0000 	/System/Library/Frameworks/Carbon.framework/Versions/A/Frameworks/ImageCapture.framework/Versions/A/ImageCapture
0x0000000005ac0000 	/System/Library/Frameworks/Carbon.framework/Versions/A/Frameworks/OpenScripting.framework/Versions/A/OpenScripting
0x0000000005ac0000 	/System/Library/Frameworks/Carbon.framework/Versions/A/Frameworks/Print.framework/Versions/A/Print
0x0000000005ac0000 	/System/Library/Frameworks/Carbon.framework/Versions/A/Frameworks/SecurityHI.framework/Versions/A/SecurityHI
0x0000000125577000 	/Library/Java/JavaVirtualMachines/jdk1.8.0_101.jdk/Contents/Home/jre/lib/libawt.dylib
0x000000012561f000 	/Library/Java/JavaVirtualMachines/jdk1.8.0_101.jdk/Contents/Home/jre/lib/./libmlib_image.dylib
0x00000001256eb000 	/Library/Java/JavaVirtualMachines/jdk1.8.0_101.jdk/Contents/Home/jre/lib/libawt_lwawt.dylib
0x00000001257a0000 	/Library/Java/JavaVirtualMachines/jdk1.8.0_101.jdk/Contents/Home/jre/lib/./libosxapp.dylib
0x0000000005ac0000 	/System/Library/Frameworks/ExceptionHandling.framework/Versions/A/ExceptionHandling
0x0000000005ac0000 	/System/Library/PrivateFrameworks/CoreServicesInternal.framework/Versions/A/CoreServicesInternal
0x0000000005ac0000 	/System/Library/Frameworks/CoreGraphics.framework/Versions/A/Resources/libRIP.A.dylib
0x0000000005ac0000 	/System/Library/Frameworks/Accelerate.framework/Versions/A/Frameworks/vImage.framework/Versions/A/Libraries/libCGInterfaces.dylib
0x0000000005ac0000 	/System/Library/Frameworks/CoreGraphics.framework/Versions/A/Resources/libCGXType.A.dylib
0x0000000005ac0000 	/System/Library/Frameworks/OpenCL.framework/Versions/A/Libraries/libcldcpuengine.dylib
0x0000000005ac0000 	/System/Library/PrivateFrameworks/DiskImages.framework/Versions/A/DiskImages
0x0000000005ac0000 	/System/Library/Frameworks/DiscRecording.framework/Versions/A/DiscRecording
0x0000000005ac0000 	/usr/lib/libcsfde.dylib
0x0000000005ac0000 	/usr/lib/libcurl.4.dylib
0x0000000005ac0000 	/System/Library/PrivateFrameworks/MediaKit.framework/Versions/A/MediaKit
0x0000000005ac0000 	/System/Library/PrivateFrameworks/ProtectedCloudStorage.framework/Versions/A/ProtectedCloudStorage
0x0000000005ac0000 	/usr/lib/libCoreStorage.dylib
0x0000000005ac0000 	/System/Library/PrivateFrameworks/EFILogin.framework/Versions/A/EFILogin
0x0000000005ac0000 	/usr/lib/libutil.dylib
0x0000000005ac0000 	/System/Library/PrivateFrameworks/FindMyDevice.framework/Versions/A/FindMyDevice
0x0000000005ac0000 	/System/Library/Frameworks/LDAP.framework/Versions/A/LDAP
0x0000000005ac0000 	/usr/lib/libsasl2.2.dylib
0x0000000005ac0000 	/System/Library/PrivateFrameworks/CoreDaemon.framework/Versions/B/CoreDaemon
0x0000000005ac0000 	/usr/lib/libcrypto.0.9.8.dylib
0x0000000005ac0000 	/System/Library/PrivateFrameworks/AppleSRP.framework/Versions/A/AppleSRP
0x0000000005ac0000 	/System/Library/PrivateFrameworks/TrustEvaluationAgent.framework/Versions/A/TrustEvaluationAgent
0x0000000127130000 	cl_kernels
0x0000000005ac0000 	/System/Library/Frameworks/OpenCL.framework/Versions/A/Libraries/ImageFormats/unorm8_bgra.dylib
0x0000000005ac0000 	/System/Library/Frameworks/OpenCL.framework/Versions/A/Libraries/ImageFormats/unorm8_rgba.dylib
0x0000000005ac0000 	/System/Library/PrivateFrameworks/FamilyControls.framework/Versions/A/FamilyControls
0x0000000005ac0000 	/System/Library/PrivateFrameworks/CommerceKit.framework/Versions/A/Frameworks/CommerceCore.framework/Versions/A/CommerceCore
0x0000000005ac0000 	/System/Library/PrivateFrameworks/SystemAdministration.framework/Versions/A/SystemAdministration
0x0000000005ac0000 	/System/Library/PrivateFrameworks/AppContainer.framework/Versions/A/AppContainer
0x0000000005ac0000 	/System/Library/PrivateFrameworks/SecCodeWrapper.framework/Versions/A/SecCodeWrapper
0x0000000005ac0000 	/System/Library/Frameworks/DirectoryService.framework/Versions/A/DirectoryService
0x0000000005ac0000 	/System/Library/PrivateFrameworks/LoginUIKit.framework/Versions/A/Frameworks/LoginUICore.framework/Versions/A/LoginUICore
0x0000000005ac0000 	/usr/lib/libodfde.dylib
0x00000001281f3000 	/Library/Java/JavaVirtualMachines/jdk1.8.0_101.jdk/Contents/Home/jre/lib/libfontmanager.dylib
0x000000012825a000 	/Users/tylercrabtree/git2/git/JIG/lib/lwjgl-2.9.0/native/macosx/liblwjgl.jnilib
0x0000000126608000 	/Library/Java/JavaVirtualMachines/jdk1.8.0_101.jdk/Contents/Home/jre/lib/libjawt.dylib
0x0000000005ac0000 	/System/Library/Frameworks/OpenGL.framework/Versions/A/Resources/GLEngine.bundle/GLEngine
0x0000000005ac0000 	/System/Library/Frameworks/OpenGL.framework/Versions/A/Libraries/libGLProgrammability.dylib
0x00000001282d5000 	/System/Library/Extensions/GeForceTeslaGLDriver.bundle/Contents/MacOS/GeForceTeslaGLDriver
0x0000000129e95000 	/System/Library/Extensions/GeForceTeslaGLDriver.bundle/Contents/MacOS/libclh.dylib
0x0000000005ac0000 	/System/Library/PrivateFrameworks/GPUSupport.framework/Versions/A/Libraries/libGPUSupport.dylib
0x0000000005ac0000 	/System/Library/Frameworks/OpenGL.framework/Versions/A/Resources/GLRendererFloat.bundle/GLRendererFloat
0x000000012712a000 	/Users/tylercrabtree/git2/git/JIG/lib/lwjgl-2.9.0/native/macosx/libjinput-osx.jnilib
0x000000012b50a000 	/System/Library/Extensions/IOHIDFamily.kext/Contents/PlugIns/IOHIDLib.plugin/Contents/MacOS/IOHIDLib

VM Arguments:
jvm_args: -Djava.library.path=/Users/tylercrabtree/git2/git/JIG/lib/lwjgl-2.9.0/native/macosx:/Users/tylercrabtree/git2/git/JIG/lib/lwjgl-2.9.0/native/macosx -Dfile.encoding=UTF-8 
java_command: bman.BombermanGame
java_class_path (initial): /Users/tylercrabtree/Desktop/WorkBomb/Bomberman/bin:/Users/tylercrabtree/git2/git/JIG/jig/bin:/Users/tylercrabtree/git2/git/JIG/lib/slick.jar:/Users/tylercrabtree/git2/git/JIG/lib/lwjgl-2.9.0/jar/jinput.jar:/Users/tylercrabtree/git2/git/JIG/lib/lwjgl-2.9.0/jar/lwjgl.jar:/Users/tylercrabtree/git2/git/JIG/lib/jogg-0.0.7.jar:/Users/tylercrabtree/git2/git/JIG/lib/jorbis-0.0.15.jar
Launcher Type: SUN_STANDARD

Environment Variables:
PATH=/usr/bin:/bin:/usr/sbin:/sbin
SHELL=/bin/bash
DISPLAY=/private/tmp/com.apple.launchd.0U9IQyZmxK/org.macosforge.xquartz:0

Signal Handlers:
SIGSEGV: [libjvm.dylib+0x5af145], sa_mask[0]=11111111011111110111111111111111, sa_flags=SA_ONSTACK|SA_RESTART|SA_SIGINFO
SIGBUS: [libjvm.dylib+0x5af145], sa_mask[0]=11111111011111110111111111111111, sa_flags=SA_RESTART|SA_SIGINFO
SIGFPE: [libjvm.dylib+0x48694c], sa_mask[0]=11111111011111110111111111111111, sa_flags=SA_RESTART|SA_SIGINFO
SIGPIPE: [libjvm.dylib+0x48694c], sa_mask[0]=11111111011111110111111111111111, sa_flags=SA_RESTART|SA_SIGINFO
SIGXFSZ: [libjvm.dylib+0x48694c], sa_mask[0]=11111111011111110111111111111111, sa_flags=SA_RESTART|SA_SIGINFO
SIGILL: [libjvm.dylib+0x48694c], sa_mask[0]=11111111011111110111111111111111, sa_flags=SA_RESTART|SA_SIGINFO
SIGUSR1: SIG_DFL, sa_mask[0]=00000000000000000000000000000000, sa_flags=none
SIGUSR2: [libjvm.dylib+0x48646a], sa_mask[0]=00100000000000000000000000000000, sa_flags=SA_RESTART|SA_SIGINFO
SIGHUP: [libjvm.dylib+0x484a41], sa_mask[0]=11111111011111110111111111111111, sa_flags=SA_RESTART|SA_SIGINFO
SIGINT: [libjvm.dylib+0x484a41], sa_mask[0]=11111111011111110111111111111111, sa_flags=SA_RESTART|SA_SIGINFO
SIGTERM: [libjvm.dylib+0x484a41], sa_mask[0]=11111111011111110111111111111111, sa_flags=SA_RESTART|SA_SIGINFO
SIGQUIT: [libjvm.dylib+0x484a41], sa_mask[0]=11111111011111110111111111111111, sa_flags=SA_RESTART|SA_SIGINFO


---------------  S Y S T E M  ---------------

OS:Bsduname:Darwin 15.6.0 Darwin Kernel Version 15.6.0: Mon Aug 29 20:21:34 PDT 2016; root:xnu-3248.60.11~1/RELEASE_X86_64 x86_64
rlimit: STACK 8192k, CORE 0k, NPROC 709, NOFILE 10240, AS infinity
load average:2.21 2.08 2.30

CPU:total 2 (2 cores per cpu, 1 threads per core) family 6 model 23 stepping 10, cmov, cx8, fxsr, mmx, sse, sse2, sse3, ssse3, sse4.1, tsc

Memory: 4k page, physical 4194304k(29900k free)

/proc/meminfo:


vm_info: Java HotSpot(TM) 64-Bit Server VM (25.101-b13) for bsd-amd64 JRE (1.8.0_101-b13), built on Jun 22 2016 02:42:15 by "java_re" with gcc 4.2.1 (Based on Apple Inc. build 5658) (LLVM build 2336.11.00)

time: Sat Oct 15 23:04:33 2016
elapsed time: 15 seconds (0d 0h 0m 15s)

